[ Jan 17 2014 15:15:17 ] [I:\xampp\htdocs\testezp\ezpublish_legacy\lib\ezutils\classes/../../../var/cache/ini/transform-083d011d20afbbfd0e2067a9cd047be1.php]
[ Jan 17 2014 15:15:22 ] [var/ezdemo_site/cache/trans/g-urlalias-1350215278-utf-8.ctt.php]
[ Jan 17 2014 15:15:36 ] [I:\xampp\htdocs\testezp\ezpublish_legacy\lib\ezutils\classes/../../../var/cache/ini/site-9cb0e9631ed265dd09f7291efc783195.php]
[ Jan 17 2014 15:16:02 ] [I:\xampp\htdocs\testezp\ezpublish_legacy\lib\ezutils\classes/../../../var/cache/ini/site-9cb0e9631ed265dd09f7291efc783195.php]
[ Jan 17 2014 15:16:39 ] [I:\xampp\htdocs\testezp\ezpublish_legacy\lib\ezutils\classes/../../../var/cache/ini/site-9cb0e9631ed265dd09f7291efc783195.php]
[ Jan 17 2014 15:16:58 ] [I:\xampp\htdocs\testezp\ezpublish_legacy\lib\ezutils\classes/../../../var/cache/ini/country-d0b25fd0e88aef257fad3f5e3f576259.php]
[ Jan 17 2014 15:16:59 ] [I:\xampp\htdocs\testezp\ezpublish_legacy\lib\ezutils\classes/../../../var/cache/ini/shop-d041d1de3cfcb800029732603d1289cf.php]
[ Jan 17 2014 15:17:11 ] [var/ezdemo_site/cache/trans/g-lowercase-635518252-utf-8.ctt.php]
[ Jan 17 2014 15:17:11 ] [I:\xampp\htdocs\testezp\ezpublish_legacy\lib\ezutils\classes/../../../var/cache/ini/browse-9cad36798ff46a9c3346eec5e86012ad.php]
[ Jan 17 2014 15:17:11 ] [var/ezdemo_site/cache/classattributeidentifiers_22a024ef61a043c571e9118e053cfdcb.php]
[ Jan 17 2014 15:17:21 ] [var/ezdemo_site/cache/trans/g-urlalias_compat-289587731-utf-8.ctt.php]
[ Jan 17 2014 15:17:21 ] [I:\xampp\htdocs\testezp\ezpublish_legacy\lib\ezutils\classes/../../../var/cache/ini/viewcache-27fc14fff52493a580b0885d7a777cb2.php]
[ Jan 17 2014 15:17:27 ] [var/ezdemo_site/cache/trans/g-search-1924056142-utf-8.ctt.php]
[ Jan 17 2014 15:17:27 ] [I:\xampp\htdocs\testezp\ezpublish_legacy\lib\ezutils\classes/../../../var/cache/ini/notification-ed0e63692e00f7615235c74ecdcaee35.php]
[ Jan 17 2014 15:17:27 ] [I:\xampp\htdocs\testezp\ezpublish_legacy\lib\ezutils\classes/../../../var/cache/ini/ezxml-8d5968497d0d06db4b5e462d0b415082.php]
[ Jan 17 2014 15:17:28 ] [I:\xampp\htdocs\testezp\ezpublish_legacy\lib\ezutils\classes/../../../var/cache/ini/mime-a915a6fa8eec8f1145405a0326aeabda.php]
[ Jan 17 2014 15:17:57 ] [I:\xampp\htdocs\testezp\ezpublish_legacy\lib\ezutils\classes/../../../var/cache/ini/audit-bcb0f5f1caf0dd0fb42800441732b485.php]
[ Jan 17 2014 15:18:17 ] [I:\xampp\htdocs\testezp\ezpublish_legacy\lib\ezutils\classes/../../../var/cache/ini/binaryfile-9b2905fedcf74af94e9302521d984d0e.php]
[ Jan 17 2014 15:18:20 ] [I:\xampp\htdocs\testezp\ezpublish_legacy\lib\ezutils\classes/../../../var/cache/ini/menu-409972287bb1cd0a01a3f4f31cd7ac07.php]
[ Jan 17 2014 15:18:20 ] [I:\xampp\htdocs\testezp\ezpublish_legacy\lib\ezutils\classes/../../../var/cache/ini/toolbar-640b0c83b6b4f2e4625f3cecc72d4c14.php]
[ Jan 17 2014 15:18:20 ] [I:\xampp\htdocs\testezp\ezpublish_legacy\lib\ezutils\classes/../../../var/cache/ini/site-47e35424336af3c2b858faec0dfb5832.php]
[ Jan 17 2014 15:18:22 ] [I:\xampp\htdocs\testezp\ezpublish_legacy\lib\ezutils\classes/../../../var/cache/ini/contentstructuremenu-35dc8acffa58c013fcd7c4eb7908b036.php]
[ Jan 17 2014 15:18:22 ] [I:\xampp\htdocs\testezp\ezpublish_legacy\lib\ezutils\classes/../../../var/cache/ini/icon-f6f9d972d331f69e3dedae89d5539191.php]
[ Jan 17 2014 15:18:27 ] [var/ezdemo_site/cache/classidentifiers_22a024ef61a043c571e9118e053cfdcb.php]
[ Jan 17 2014 15:18:28 ] [var/ezdemo_site/cache/classattributeidentifiers_22a024ef61a043c571e9118e053cfdcb.php]
[ Jan 17 2014 15:18:28 ] [I:\xampp\htdocs\testezp\ezpublish_legacy\lib\ezutils\classes/../../../var/cache/ini/workflow-bbdaa9d448c9363def9a30b9af63440d.php]
[ Jan 17 2014 15:18:28 ] [I:\xampp\htdocs\testezp\ezpublish_legacy\lib\ezutils\classes/../../../var/cache/ini/paymentgateways-6783c224887b73ddeb325fed92dd715b.php]
[ Jan 17 2014 15:18:28 ] [var/ezdemo_site/cache/classattributeidentifiers_22a024ef61a043c571e9118e053cfdcb.php]
[ Jan 17 2014 15:18:31 ] [I:\xampp\htdocs\testezp\ezpublish_legacy\lib\ezutils\classes/../../../var/cache/ini/site-c2189db424df1a4d7b83110dcb5be008.php]
[ Jan 17 2014 15:18:31 ] [I:\xampp\htdocs\testezp\ezpublish_legacy\lib\ezutils\classes/../../../var/cache/ini/override-3aef7736b836fa16dedcbcf313e4ab3b.php]
[ Jan 17 2014 15:18:31 ] [I:\xampp\htdocs\testezp\ezpublish_legacy\lib\ezutils\classes/../../../var/cache/ini/override-18128e6673d7cc95a2b3c5ebff53b61c.php]
[ Jan 17 2014 15:18:31 ] [I:\xampp\htdocs\testezp\ezpublish_legacy\lib\ezutils\classes/../../../var/cache/ini/override-6a4ee1142b5cb3da522501e92d4eff91.php]
[ Jan 17 2014 15:18:31 ] [I:\xampp\htdocs\testezp\ezpublish_legacy\lib\ezutils\classes/../../../var/cache/ini/texttoimage-7d6660b3fd7317be294468d23cb049f7.php]
[ Jan 17 2014 15:18:32 ] [I:\xampp\htdocs\testezp\ezpublish_legacy\lib\ezutils\classes/../../../var/cache/ini/layout-b5db9a3c69e09c4bd651d71fb240bbdb.php]
[ Jan 17 2014 15:18:32 ] [I:\xampp\htdocs\testezp\ezpublish_legacy\lib\ezutils\classes/../../../var/cache/ini/menu-409972287bb1cd0a01a3f4f31cd7ac07.php]
[ Jan 17 2014 15:18:33 ] [var/cache//active_extensions_0e73a23df4096f7af12df666bd85f952.php]
[ Jan 17 2014 15:18:33 ] [I:\xampp\htdocs\testezp\ezpublish_legacy\lib\ezutils\classes/../../../var/cache/ini/site-c1623af31c16fc3ffee5a05097e95dd6.php]
[ Jan 17 2014 15:18:33 ] [I:\xampp\htdocs\testezp\ezpublish_legacy\lib\ezutils\classes/../../../var/cache/ini/module-216c07934a055d1e40e1dbd133249844.php]
[ Jan 17 2014 15:18:33 ] [I:\xampp\htdocs\testezp\ezpublish_legacy\lib\ezutils\classes/../../../var/cache/ini/site-b21adb07b78bf6af8cf743022ea72e15.php]
[ Jan 17 2014 15:18:33 ] [I:\xampp\htdocs\testezp\ezpublish_legacy\lib\ezutils\classes/../../../var/cache/ini/site-3f3a1af30e380e1ab39e405842b30665.php]
[ Jan 17 2014 15:18:34 ] [I:\xampp\htdocs\testezp\ezpublish_legacy\lib\ezutils\classes/../../../var/cache/ini/site-6ac0634fb5e1e33d9918348d669a90a8.php]
[ Jan 17 2014 15:18:34 ] [I:\xampp\htdocs\testezp\ezpublish_legacy\lib\ezutils\classes/../../../var/cache/ini/site-830bbaa0cd2790d9780d76b9de0afc6f.php]
[ Jan 17 2014 15:18:34 ] [I:\xampp\htdocs\testezp\ezpublish_legacy\lib\ezutils\classes/../../../var/cache/ini/image-890a19ff2624294516cd6b65407d97d3.php]
[ Jan 17 2014 15:18:34 ] [I:\xampp\htdocs\testezp\ezpublish_legacy\lib\ezutils\classes/../../../var/cache/ini/image-35a8972d1d0efcc8c11bed57a4373607.php]
[ Jan 17 2014 15:18:34 ] [I:\xampp\htdocs\testezp\ezpublish_legacy\lib\ezutils\classes/../../../var/cache/ini/image-10441bbc0998080b957c952da8d8d29e.php]
[ Jan 17 2014 15:18:36 ] [I:\xampp\htdocs\testezp\ezpublish_legacy\lib\ezutils\classes/../../../var/cache/ini/image-d1d42c96375a81a19f779ded67a393ba.php]
[ Jan 17 2014 15:35:33 ] [I:\xampp\htdocs\testezp\ezpublish_legacy\lib\ezutils\classes/../../../var/cache/ini/i18n-678d2accc237fa9079b9b3abc491748f.php]
[ Jan 17 2014 15:35:33 ] [I:\xampp\htdocs\testezp\ezpublish_legacy\lib\ezutils\classes/../../../var/cache/ini/i18n-f7061ade0fe840d15a8c81f654b48eb1.php]
[ Jan 17 2014 15:35:33 ] [I:\xampp\htdocs\testezp\ezpublish_legacy\lib\ezutils\classes/../../../var/cache/ini/file-33c0d0b2750379ea6bbc0a7c3b47cab4.php]
[ Jan 17 2014 15:35:33 ] [I:\xampp\htdocs\testezp\ezpublish_legacy\lib\ezutils\classes/../../../var/cache/ini/debug-30b58d57277a91a861853a35747eb10e.php]
[ Jan 17 2014 15:35:34 ] [I:\xampp\htdocs\testezp\ezpublish_legacy\lib\ezutils\classes/../../../var/cache/ini/template-e3097e0171e55a661b90bef4dd6147d3.php]
[ Jan 17 2014 15:35:34 ] [I:\xampp\htdocs\testezp\ezpublish_legacy\lib\ezutils\classes/../../../var/cache/ini/module-2a66b3a32c8ca22deff40d21d417c892.php]
[ Jan 17 2014 15:35:34 ] [I:\xampp\htdocs\testezp\ezpublish_legacy\lib\ezutils\classes/../../../var/cache/ini/debug-e3ac6e9ab69cab989c893c39819fcd29.php]
[ Jan 17 2014 15:35:34 ] [I:\xampp\htdocs\testezp\ezpublish_legacy\lib\ezutils\classes/../../../var/cache/ini/eng-GB-b7245ecb8d894bd16995d39d71281c31.php]
[ Jan 17 2014 15:35:34 ] [I:\xampp\htdocs\testezp\ezpublish_legacy\lib\ezutils\classes/../../../var/cache/ini/file-17dd73e69a3466a08c4434d36431ff1c.php]
[ Jan 17 2014 15:35:34 ] [var/ezdemo_site/cache/statelimitations_22a024ef61a043c571e9118e053cfdcb.php]
[ Jan 17 2014 15:35:35 ] [I:\xampp\htdocs\testezp\ezpublish_legacy\lib\ezutils\classes/../../../var/cache/ini/content-cf599c8f3de96e32174364f8b1d75995.php]
[ Jan 17 2014 15:35:35 ] [I:\xampp\htdocs\testezp\ezpublish_legacy\lib\ezutils\classes/../../../var/cache/ini/workflow-8a6fbf7e33c1ac41260bda0c17a91c36.php]
[ Jan 17 2014 15:35:36 ] [I:\xampp\htdocs\testezp\ezpublish_legacy\lib\ezutils\classes/../../../var/cache/ini/override-992cd5e77fb02addcfcf1f022472be06.php]
[ Jan 17 2014 15:35:36 ] [I:\xampp\htdocs\testezp\ezpublish_legacy\lib\ezutils\classes/../../../var/cache/ini/design-40d21234f03462242372a7c8b2471ba4.php]
[ Jan 17 2014 15:35:39 ] [var/ezdemo_site/cache/override/override_e3fb0bf214bfa6bfb01cefbb60b8e637.php]
[ Jan 17 2014 15:35:39 ] [var/ezdemo_site/cache/template/compiled/common.php]
[ Jan 17 2014 15:35:39 ] [var/ezdemo_site/cache/template/compiled/landing_page-b7d72735f5328eaaf5f4092b8f6e6c53.php]
[ Jan 17 2014 15:35:39 ] [var/ezdemo_site/cache/template/compiled/ezpage-62fe3e07fdaf5129d8823d3486910c98.php]
[ Jan 17 2014 15:35:39 ] [I:\xampp\htdocs\testezp\ezpublish_legacy\lib\ezutils\classes/../../../var/cache/ini/zone-cb9f25ec549037f368df843c9a944e1f.php]
[ Jan 17 2014 15:35:40 ] [var/ezdemo_site/cache/template/compiled/2zoneslayout1-0ea75f176cc7a710d794a50a56db6b5a.php]
[ Jan 17 2014 15:35:40 ] [var/ezdemo_site/cache/template/compiled/zone_block-2751ccdb23accd8623005f14e3a88c9c.php]
[ Jan 17 2014 15:35:40 ] [var/ezdemo_site/cache/template/compiled/zone_block_top-2747ec8e69aa5cbf14a99f09c8318d1a.php]
[ Jan 17 2014 15:35:40 ] [I:\xampp\htdocs\testezp\ezpublish_legacy\lib\ezutils\classes/../../../var/cache/ini/block-c4814032755420422e6c298cad84149a.php]
[ Jan 17 2014 15:35:41 ] [var/ezdemo_site/cache/template/compiled/campaign-90d3a505a7cc3f2bcaf5bfb575bb0472.php]
[ Jan 17 2014 15:35:41 ] [var/ezdemo_site/cache/template/compiled/article-d7d07586372906a4c81250c1d02adcb2.php]
[ Jan 17 2014 15:35:41 ] [I:\xampp\htdocs\testezp\ezpublish_legacy\lib\ezutils\classes/../../../var/cache/ini/image-9115fa5ba2a9b02865782f4cff7e4ce5.php]
[ Jan 17 2014 15:35:42 ] [I:\xampp\htdocs\testezp\ezpublish_legacy\lib\ezutils\classes/../../../var/cache/ini/mime-6a04e2237371e5228bf74112ecfa6785.php]
[ Jan 17 2014 15:35:42 ] [I:\xampp\htdocs\testezp\ezpublish_legacy\lib\ezutils\classes/../../../var/cache/ini/ezxml-4632f8cbfad787ff022219d51df4d448.php]
[ Jan 17 2014 15:35:42 ] [var/ezdemo_site/cache/template/compiled/ezxmltext-13c6d143aad2644710297f05b5cf3088.php]
[ Jan 17 2014 15:36:29 ] [I:\xampp\htdocs\testezp\ezpublish_legacy\lib\ezutils\classes/../../../var/cache/ini/design-e95ab77372513caf4e4a774f70bca9f1.php]
[ Jan 17 2014 15:36:29 ] [var/ezdemo_site/cache/template/compiled/landing_page-217e0f05794c1fe7b727b1a370004ca1.php]
[ Jan 17 2014 15:36:29 ] [var/ezdemo_site/cache/template/compiled/ezpage-e5b2df8d47a707771d863ace28261da8.php]
[ Jan 17 2014 15:36:29 ] [I:\xampp\htdocs\testezp\ezpublish_legacy\lib\ezutils\classes/../../../var/cache/ini/zone-80fc8cb424319532dbb79ad0c866382d.php]
[ Jan 17 2014 15:36:30 ] [var/ezdemo_site/cache/template/compiled/2zoneslayout1-283ea1da964c60d962d4cc9ec0698473.php]
[ Jan 17 2014 15:36:30 ] [var/ezdemo_site/cache/template/compiled/zone_block-03a3e5e495f0888b165cea14361a6675.php]
[ Jan 17 2014 15:36:30 ] [var/ezdemo_site/cache/template/compiled/zone_block_top-b9ef54e970f76ba9ddc63c585602e64a.php]
[ Jan 17 2014 15:36:30 ] [I:\xampp\htdocs\testezp\ezpublish_legacy\lib\ezutils\classes/../../../var/cache/ini/block-59086d3a80b50d5e45453fb5c94f6965.php]
[ Jan 17 2014 15:36:30 ] [var/ezdemo_site/cache/template/compiled/campaign-e89f2d942f8d8504a0c9edef2db17076.php]
[ Jan 17 2014 15:36:31 ] [var/ezdemo_site/cache/template/compiled/article-9fb639c3a2550814a403f2e49ab0d3a0.php]
[ Jan 17 2014 15:36:31 ] [I:\xampp\htdocs\testezp\ezpublish_legacy\lib\ezutils\classes/../../../var/cache/ini/ezxml-a62bfa52c6702b3a4f396e7a645f2138.php]
[ Jan 17 2014 15:36:31 ] [var/ezdemo_site/cache/template/compiled/ezxmltext-512aa8a9fe5977d7ff9389d5e4b4c42c.php]
[ Jan 17 2014 15:36:39 ] [I:\xampp\htdocs\testezp\ezpublish_legacy\lib\ezutils\classes/../../../var/cache/ini/template-e4c949ab1ff76b87dbabe6ae28dba50d.php]
[ Jan 17 2014 15:36:39 ] [I:\xampp\htdocs\testezp\ezpublish_legacy\lib\ezutils\classes/../../../var/cache/ini/module-7898a0b05798aab89b2c8a3c48a8a199.php]
[ Jan 17 2014 15:36:39 ] [I:\xampp\htdocs\testezp\ezpublish_legacy\lib\ezutils\classes/../../../var/cache/ini/debug-7b6a02e70c9df8868ac22827b37796fe.php]
[ Jan 17 2014 15:36:39 ] [I:\xampp\htdocs\testezp\ezpublish_legacy\lib\ezutils\classes/../../../var/cache/ini/eng-GB-c779ed96f6fa237c11b172a7bdeee8ee.php]
[ Jan 17 2014 15:36:40 ] [I:\xampp\htdocs\testezp\ezpublish_legacy\lib\ezutils\classes/../../../var/cache/ini/override-4fbe60538eb9b8b611b0bfd20491bd7c.php]
[ Jan 17 2014 15:36:40 ] [I:\xampp\htdocs\testezp\ezpublish_legacy\lib\ezutils\classes/../../../var/cache/ini/design-50fd7c1c97139f98812405cfdbd082c1.php]
[ Jan 17 2014 15:36:40 ] [I:\xampp\htdocs\testezp\ezpublish_legacy\lib\ezutils\classes/../../../var/cache/ini/file-2fa810ec9feb1b29444a07e087a6574a.php]
[ Jan 17 2014 15:36:41 ] [var/ezdemo_site/cache/override/override_dff0164ce3d3cbadd3ffb2e19c83bf05.php]
[ Jan 17 2014 15:36:41 ] [var/ezdemo_site/cache/template/compiled/login-a8c08eb0a2ae8d90d1a4da48afbf5a02.php]
[ Jan 17 2014 15:36:41 ] [I:\xampp\htdocs\testezp\ezpublish_legacy\lib\ezutils\classes/../../../var/cache/ini/menu-446b071986cca8ff3ec940fb5afbbabb.php]
[ Jan 17 2014 15:36:42 ] [var/ezdemo_site/cache/template/compiled/loginpagelayout-f14dfa2c44b3c47be9d2ceb560a40f24.php]
[ Jan 17 2014 15:36:42 ] [var/ezdemo_site/cache/template/compiled/page_head-f91f12b3d76a1af6e9d9c8a91b57cd23.php]
[ Jan 17 2014 15:36:42 ] [var/ezdemo_site/cache/template/compiled/canonical_link-9787771530d288219952b934827b8967.php]
[ Jan 17 2014 15:36:42 ] [var/ezdemo_site/cache/template/compiled/link-e7c86ebb7d62093bc862bd2c764eb5f7.php]
[ Jan 17 2014 15:36:43 ] [var/ezdemo_site/cache/template/compiled/page_head_style-5fb522d091ace467d5154c62bd2a2261.php]
[ Jan 17 2014 15:36:43 ] [I:\xampp\htdocs\testezp\ezpublish_legacy\lib\ezutils\classes/../../../var/cache/ini/ezjscore-704cc3777586b6e5884ff21e87e47d66.php]
[ Jan 17 2014 15:36:43 ] [var/ezdemo_site/cache/template/compiled/page_head_style_inline-ac08a5d5943a68d772da8dfb57239989.php]
[ Jan 17 2014 15:36:43 ] [var/ezdemo_site/cache/template/compiled/page_head_script-d1b1fdc9b4796ea1d7fbf30a928a395c.php]
[ Jan 17 2014 15:36:43 ] [var/ezdemo_site/cache/template/compiled/page_mainarea-93b001913911d20648d782e977a3f63c.php]
[ Jan 17 2014 15:36:44 ] [var/ezdemo_site/cache/template/compiled/page_login_copyright-49c97cbbc8c482e7f830682eabee052e.php]
[ Jan 17 2014 15:36:49 ] [I:\xampp\htdocs\testezp\ezpublish_legacy\lib\ezutils\classes/../../../var/cache/ini/file-b1b315da574a6a79ae9c1227ca621e3f.php]
[ Jan 17 2014 15:36:49 ] [I:\xampp\htdocs\testezp\ezpublish_legacy\lib\ezutils\classes/../../../var/cache/ini/content-cd06bc1bc37557a522fa9e90249cdf82.php]
[ Jan 17 2014 15:36:49 ] [I:\xampp\htdocs\testezp\ezpublish_legacy\lib\ezutils\classes/../../../var/cache/ini/design-e93b4a4ada700434e31c6ea6d9e0b9d3.php]
[ Jan 17 2014 15:36:50 ] [var/ezdemo_site/cache/template/compiled/register-df38772625f2f8499d5c8a8c24740ffa.php]
[ Jan 17 2014 15:36:52 ] [var/ezdemo_site/cache/template/compiled/edit_attribute-906f2c248d558c6be8ac68be9dcc766e.php]
[ Jan 17 2014 15:36:52 ] [I:\xampp\htdocs\testezp\ezpublish_legacy\lib\ezutils\classes/../../../var/cache/ini/datatype-d34013be3518cb6e20cf5fc71d730158.php]
[ Jan 17 2014 15:36:52 ] [var/ezdemo_site/cache/template/compiled/ezstring-3f54e0a2680b78ae87551062a4d4f703.php]
[ Jan 17 2014 15:36:53 ] [var/ezdemo_site/cache/template/compiled/ezuser-0b15e4dfd66423c55050ce89f06b06d7.php]
[ Jan 17 2014 15:36:53 ] [var/ezdemo_site/cache/template/compiled/eztext-7099466ac498adf1dd35c820433816ec.php]
[ Jan 17 2014 15:36:53 ] [I:\xampp\htdocs\testezp\ezpublish_legacy\lib\ezutils\classes/../../../var/cache/ini/units-c7ac379013b3ff467c45bccce9b1f576.php]
[ Jan 17 2014 15:36:53 ] [var/ezdemo_site/cache/template/compiled/ezimage-ea5adcd23afd7597c9a3988b611ca5bf.php]
[ Jan 17 2014 15:36:54 ] [var/ezdemo_site/cache/template/compiled/gui-d6d6d2a4d9a84ed8f09d05aac728fbcf.php]
[ Jan 17 2014 15:36:54 ] [I:\xampp\htdocs\testezp\ezpublish_legacy\lib\ezutils\classes/../../../var/cache/ini/mime-e6d93d75f7cf98991713a238cb8eb3fc.php]
[ Jan 17 2014 15:36:54 ] [I:\xampp\htdocs\testezp\ezpublish_legacy\lib\ezutils\classes/../../../var/cache/ini/menu-f18d38551d3a3fe5c1eea0902fd0121a.php]
[ Jan 17 2014 15:36:54 ] [I:\xampp\htdocs\testezp\ezpublish_legacy\lib\ezutils\classes/../../../var/cache/ini/ezjscore-47a8240921294ffa9ae6c92a7d7c848d.php]
[ Jan 17 2014 15:37:35 ] [I:\xampp\htdocs\testezp\ezpublish_legacy\lib\ezutils\classes/../../../var/cache/ini/i18n-149c7e97eba6289cc05fdf6edff14438.php]
[ Jan 17 2014 15:44:09 ] [var/ezdemo_site/cache/template/compiled/line-90d78a6cd877969aa6dc43325fe2fe65.php]
[ Jan 17 2014 15:44:09 ] [var/ezdemo_site/cache/template/compiled/paragraph-f35e0bbd66f274586e3d2f395b994d11.php]
[ Jan 17 2014 15:44:09 ] [var/ezdemo_site/cache/template/compiled/zone_block_bottom-937bf6d176f0742aafe416be0a079473.php]
[ Jan 17 2014 15:44:11 ] [var/ezdemo_site/cache/template/compiled/content_grid_2cols_2rows-08807b98c5e3c4883c14c6b506a43cd1.php]
[ Jan 17 2014 15:44:12 ] [var/ezdemo_site/cache/template/compiled/article-65099ae3c6c3b1157c30c1ac4ef12ea1.php]
[ Jan 17 2014 15:44:13 ] [var/ezdemo_site/cache/template/compiled/ezimage-7e11cf937948cb179b34a24d71e1c0a0.php]
[ Jan 17 2014 15:44:13 ] [I:\xampp\htdocs\testezp\ezpublish_legacy\lib\ezutils\classes/../../../var/cache/ini/mime-a082aa266a49aaa6e2104ca9a523dc6a.php]
[ Jan 17 2014 15:44:16 ] [var/ezdemo_site/cache/template/compiled/gallery-954da3ea232ca6955e6183ff632a2730.php]
[ Jan 17 2014 15:44:16 ] [var/ezdemo_site/cache/template/compiled/gallery_viewer-ccafe8deb20c2f4f63aec00e15ed5df5.php]
[ Jan 17 2014 15:44:17 ] [var/ezdemo_site/cache/template/compiled/link-45a8e597b555b63ace1f8b174cefc664.php]
[ Jan 17 2014 15:44:18 ] [var/ezdemo_site/cache/template/compiled/gallery_item-50cc027f031dbb2e20d3035f14113e60.php]
[ Jan 17 2014 15:44:25 ] [var/ezdemo_site/cache/template/compiled/content_grid_1col_2rows-0a522b941fbbaba37eab636e4a80f3af.php]
[ Jan 17 2014 15:44:25 ] [var/ezdemo_site/cache/template/compiled/call_to_action-6d9f9939a3ef0ffab265da5558cd8ef3.php]
[ Jan 17 2014 15:44:25 ] [var/ezdemo_site/cache/template/compiled/product-c97162871b8c973a5c6863285c15ecea.php]
[ Jan 17 2014 15:44:27 ] [var/ezdemo_site/cache/template/compiled/feed_reader-5423eade0c800a6996fbe699468a2448.php]
[ Jan 17 2014 15:44:31 ] [var/ezdemo_site/cache/template/compiled/video-73b0fe1647c8f9939e9944a5e1c3d5e0.php]
[ Jan 17 2014 15:44:31 ] [var/ezdemo_site/cache/template/compiled/tag_cloud-c88249cbad683e8ef4e89b353a66c5ab.php]
[ Jan 17 2014 15:44:31 ] [var/ezdemo_site/cache/template/compiled/tagcloud-f949df13976a9c045b058ab1cb66affb.php]
[ Jan 17 2014 15:44:32 ] [I:\xampp\htdocs\testezp\ezpublish_legacy\lib\ezutils\classes/../../../var/cache/ini/menu-8725f34c6f2a111cac93d9f0abd06f22.php]
[ Jan 17 2014 15:44:33 ] [var/ezdemo_site/cache/template/compiled/pagelayout-65b7153c9bbfbf6e0d48b62b566c7024.php]
[ Jan 17 2014 15:44:33 ] [var/ezdemo_site/cache/template/compiled/page_head_displaystyles-da34ad0d78ea868684bae6d914ad715c.php]
[ Jan 17 2014 15:44:33 ] [var/ezdemo_site/cache/template/compiled/page_head-a7d1ebb3bc7a3709fed3cc8f498e4915.php]
[ Jan 17 2014 15:44:34 ] [var/ezdemo_site/cache/template/compiled/canonical_link-c74888a2f1ad90e7a18a18cb98f2de0a.php]
[ Jan 17 2014 15:44:34 ] [var/ezdemo_site/cache/template/compiled/link-d94ffcab765e11b0188cda12f52b6a9b.php]
[ Jan 17 2014 15:44:34 ] [var/ezdemo_site/cache/template/compiled/page_head_style-b1ed443759cfb26b64361747126bc3a4.php]
[ Jan 17 2014 15:44:34 ] [I:\xampp\htdocs\testezp\ezpublish_legacy\lib\ezutils\classes/../../../var/cache/ini/ezjscore-18051ca40d2392da5e20d06f57280ea8.php]
[ Jan 17 2014 15:44:35 ] [var/ezdemo_site/cache/template/compiled/page_head_script-ce40a851f6938e03c70449eb13889c29.php]
[ Jan 17 2014 15:44:35 ] [var/ezdemo_site/cache/template/compiled/page_header-61b2987592cb76d12609d2de04edca61.php]
[ Jan 17 2014 15:44:35 ] [var/ezdemo_site/cache/template/compiled/page_header_languages-5536cafbbc15321de4130c6ebee1c18b.php]
[ Jan 17 2014 15:44:36 ] [var/ezdemo_site/cache/template/compiled/page_header_links-d3155c18b6914d24d6bc3cf32fb7803f.php]
[ Jan 17 2014 15:44:36 ] [var/ezdemo_site/cache/template/compiled/page_header_logo-76e5aa87181094137e23a0fc31af677a.php]
[ Jan 17 2014 15:44:36 ] [var/ezdemo_site/cache/template/compiled/page_header_searchbox-91ae085e181d6a0fab9108b9bc6c5437.php]
[ Jan 17 2014 15:44:36 ] [var/ezdemo_site/cache/template/compiled/page_topmenu-a7ec711f7d16c87219288a38475d3c07.php]
[ Jan 17 2014 15:44:37 ] [var/ezdemo_site/cache/template/compiled/double_top-9645b3598a6b4112a60c5266f4a6625b.php]
[ Jan 17 2014 15:44:37 ] [var/ezdemo_site/cache/template/compiled/page_toppath-0e493da5be784941d3fc51613d282b02.php]
[ Jan 17 2014 15:44:37 ] [var/ezdemo_site/cache/template/compiled/path-1e32f6334ccaa43ffcd04f5c22253f57.php]
[ Jan 17 2014 15:44:38 ] [var/ezdemo_site/cache/template/compiled/page_mainarea-43faa65b357f4a328ebe5c46204a6229.php]
[ Jan 17 2014 15:44:38 ] [var/ezdemo_site/cache/template/compiled/page_footer-6091f3cc460cd39d1a37c4a6a88c08f3.php]
[ Jan 17 2014 15:44:38 ] [var/ezdemo_site/cache/template/compiled/address-e36984c3008959d3b08f646d40e0f169.php]
[ Jan 17 2014 15:44:38 ] [var/ezdemo_site/cache/template/compiled/latest_news-4090ee221613afdcb5c41d5e103aae4f.php]
[ Jan 17 2014 15:44:38 ] [var/ezdemo_site/cache/template/compiled/links-24108614631205fa4caf2330494f2721.php]
[ Jan 17 2014 15:44:39 ] [var/ezdemo_site/cache/template/compiled/li-37b25b9374b08333d097e34c91260017.php]
[ Jan 17 2014 15:44:39 ] [var/ezdemo_site/cache/template/compiled/ul-d88e434773175ea70dd061355e70776b.php]
[ Jan 17 2014 15:44:39 ] [var/ezdemo_site/cache/template/compiled/page_footer_script-3c1fe4ad17015fee7e556312d316eb65.php]
[ Jan 17 2014 15:45:11 ] [I:\xampp\htdocs\testezp\ezpublish_legacy\lib\ezutils\classes/../../../var/cache/ini/error-69e87322a68875df2a17b98193497b27.php]
[ Jan 17 2014 15:45:11 ] [var/ezdemo_site/cache/template/compiled/20-8effef6f0129b6dfd69a7f7d693a29ab.php]
[ Jan 17 2014 15:45:12 ] [var/ezdemo_site/cache/template/compiled/pagelayout-4e36e41a20c0f3fdd1c4d1b1c464d70c.php]
[ Jan 17 2014 15:45:12 ] [var/ezdemo_site/cache/template/compiled/page_head_displaystyles-9d12002207b136398a8f577ae17d7e5f.php]
[ Jan 17 2014 15:45:13 ] [var/ezdemo_site/cache/template/compiled/page_head-cfeac5b67a861cea99cd0117b8861b2b.php]
[ Jan 17 2014 15:45:13 ] [var/ezdemo_site/cache/template/compiled/canonical_link-a4e2053034b881ec4ae2a5eb102f3a1d.php]
[ Jan 17 2014 15:45:13 ] [var/ezdemo_site/cache/template/compiled/link-ca5a97905a09c3baccd69964842981cd.php]
[ Jan 17 2014 15:45:13 ] [var/ezdemo_site/cache/template/compiled/page_head_style-d8e70372c58ffcd3c913d6e60822fc07.php]
[ Jan 17 2014 15:45:13 ] [var/ezdemo_site/cache/template/compiled/page_head_script-b11ae32aaa0c3f17533e1e6849d05915.php]
[ Jan 17 2014 15:45:14 ] [var/ezdemo_site/cache/template/compiled/page_header-5d9366406d436d180314ef0b69b457f7.php]
[ Jan 17 2014 15:45:14 ] [var/ezdemo_site/cache/template/compiled/page_header_languages-b199981e6db9b83f91db94aa6092e7dd.php]
[ Jan 17 2014 15:45:14 ] [var/ezdemo_site/cache/template/compiled/page_header_links-60f3c2a627bcfb67857a431ca677a90f.php]
[ Jan 17 2014 15:45:14 ] [var/ezdemo_site/cache/template/compiled/page_header_logo-c9d86ca29c2adfefa17b7489d159bac2.php]
[ Jan 17 2014 15:45:14 ] [var/ezdemo_site/cache/template/compiled/page_header_searchbox-3b664689b195829400adf6fb17eee88e.php]
[ Jan 17 2014 15:45:14 ] [var/ezdemo_site/cache/template/compiled/page_topmenu-7c86cb652137f893922b4175732a2eb8.php]
[ Jan 17 2014 15:45:15 ] [var/ezdemo_site/cache/template/compiled/double_top-eba76c193abc54a6698e294d42b0b198.php]
[ Jan 17 2014 15:45:16 ] [var/ezdemo_site/cache/template/compiled/page_toppath-172ca1004db8941f0418f65bf6d381bf.php]
[ Jan 17 2014 15:45:16 ] [var/ezdemo_site/cache/template/compiled/path-6caba388ca63d5c9c783aa1fa67635e8.php]
[ Jan 17 2014 15:45:16 ] [var/ezdemo_site/cache/template/compiled/page_mainarea-769986484857634dadba32f309bdf2db.php]
[ Jan 17 2014 15:45:16 ] [var/ezdemo_site/cache/template/compiled/page_footer-68c4ee88adf8d1a7df3af8e5073e656d.php]
[ Jan 17 2014 15:45:16 ] [var/ezdemo_site/cache/template/compiled/address-1607dd74c1db6981d291c2040ae3d42b.php]
[ Jan 17 2014 15:45:16 ] [var/ezdemo_site/cache/template/compiled/paragraph-14c6ee7be7518c996db857143bdc43dd.php]
[ Jan 17 2014 15:45:17 ] [var/ezdemo_site/cache/template/compiled/link-ce206e158770ae7ae2183fc448f3cd4c.php]
[ Jan 17 2014 15:45:17 ] [var/ezdemo_site/cache/template/compiled/latest_news-723ed362801e7c95a40263ab331019b0.php]
[ Jan 17 2014 15:45:17 ] [var/ezdemo_site/cache/template/compiled/links-09fbfca2d5d8e44bd57e41131f28d5dc.php]
[ Jan 17 2014 15:45:17 ] [var/ezdemo_site/cache/template/compiled/li-4745973156c34b99f6375cfd9a7f846e.php]
[ Jan 17 2014 15:45:18 ] [var/ezdemo_site/cache/template/compiled/ul-1645ea585869a4e130388f514a5dcb86.php]
[ Jan 17 2014 15:45:18 ] [var/ezdemo_site/cache/template/compiled/page_footer_script-8559c37d59bcccd69a81a183f7f0a3af.php]
[ Jan 17 2014 15:57:26 ] [I:\xampp\htdocs\testezp\ezpublish_legacy\lib\ezutils\classes/../../../var/cache/ini/fetchalias-cec0a35eaab6e593b879a0bbfea6615f.php]
[ Jan 17 2014 15:57:27 ] [var/ezdemo_site/cache/template/compiled/folder-72f161ebdf3da1968d2f5ea137671eaa.php]
[ Jan 17 2014 15:57:28 ] [var/ezdemo_site/cache/template/compiled/ezstring-5d5c5f098c387955b084b98b31f1f752.php]
[ Jan 17 2014 15:57:28 ] [var/ezdemo_site/cache/template/compiled/ezkeyword-7c0cd751a1a6c59416bc0b833e2797df.php]
[ Jan 17 2014 15:57:29 ] [var/ezdemo_site/cache/template/compiled/product-a009228b2e83fbf344602c65dd291ff3.php]
[ Jan 17 2014 15:57:29 ] [var/ezdemo_site/cache/template/compiled/ezmultioption-7483948d17f22db7226842f72130d130.php]
[ Jan 17 2014 15:57:30 ] [var/ezdemo_site/cache/template/compiled/ezprice-470d3c17c523d34694c3ef0b771e9133.php]
[ Jan 17 2014 15:57:30 ] [var/ezdemo_site/cache/template/compiled/header-476868f7b14c02c1bf896b1b86a2d210.php]
[ Jan 17 2014 15:57:31 ] [var/ezdemo_site/cache/template/compiled/google-aa64db153b23cca4720a80e62bbb073c.php]
[ Jan 17 2014 16:00:48 ] [var/ezdemo_site/cache/template/compiled/article-fa654a36189100886db46347984ae7a3.php]
[ Jan 17 2014 16:00:49 ] [var/ezdemo_site/cache/template/compiled/ezauthor-5b9ceffad0d1276c306d1cee8b387202.php]
[ Jan 17 2014 16:01:32 ] [var/ezdemo_site/cache/template/compiled/blog-07257acfe513aedeb5bc5370853b3353.php]
[ Jan 17 2014 16:01:32 ] [var/ezdemo_site/cache/sortkey_22a024ef61a043c571e9118e053cfdcb.php]
[ Jan 17 2014 16:01:32 ] [var/ezdemo_site/cache/template/compiled/blog_post-2d87d0ddca3749c0176c7edad55af011.php]
[ Jan 17 2014 16:01:33 ] [var/ezdemo_site/cache/template/compiled/embed-0577cc281f559166de9a210e64531451.php]
[ Jan 17 2014 16:01:33 ] [var/ezdemo_site/cache/template/compiled/image-3146c9821fbe34c22577e1e3cdd2fee2.php]
[ Jan 17 2014 16:01:34 ] [var/ezdemo_site/cache/template/compiled/extra_info-f65ce4c8cd33fd96ca5f5714fb09bfae.php]
[ Jan 17 2014 16:01:35 ] [var/ezdemo_site/cache/template/compiled/calendar-00aedbf8d6c50e7a01dd03b5bd5bd4c1.php]
[ Jan 17 2014 16:10:54 ] [var/ezdemo_site/cache/template/compiled/feedback_form-9f0cbac2bf5f7fa3cba1c83abb35fd4a.php]
[ Jan 17 2014 16:10:54 ] [var/ezdemo_site/cache/template/compiled/collectedinfo_validation-836a36eb772b7cb39e1d767cf69413cb.php]
[ Jan 17 2014 16:10:54 ] [var/ezdemo_site/cache/template/compiled/ezstring_feedback_form-3297f0a30dea3d71a02b777b975ed410.php]
[ Jan 17 2014 16:10:54 ] [var/ezdemo_site/cache/template/compiled/ezemail_feedback_form-fca17bb9a8b6a4147624c83ea69d3802.php]
[ Jan 17 2014 16:10:55 ] [var/ezdemo_site/cache/template/compiled/ezcountry-4ac970574050d267582e8e442aab6acc.php]
[ Jan 17 2014 16:10:55 ] [I:\xampp\htdocs\testezp\ezpublish_legacy\lib\ezutils\classes/../../../var/cache/ini/country-64ba1bd845738265e740b346bfe1f385.php]
[ Jan 17 2014 16:10:56 ] [var/ezdemo_site/cache/template/compiled/eztext_feedback_form-2c3f6efac066516bb70d320ad9125a43.php]
[ Jan 17 2014 16:10:56 ] [var/ezdemo_site/cache/template/compiled/page_extramenu-dea48e212008d3d90d0e64423ad7d076.php]
[ Jan 17 2014 16:10:57 ] [var/ezdemo_site/cache/template/compiled/extra_info-777d1439cb4836bdd930bd8da05f9181.php]
[ Jan 17 2014 16:11:31 ] [var/ezdemo_site/cache/template/compiled/2zoneslayout2-543bee84be328ac17e8ced3069ee0440.php]
[ Jan 17 2014 16:11:31 ] [var/ezdemo_site/cache/template/compiled/highlighted_item-51841f715e7e65d69bdfde365ecc0dd9.php]
[ Jan 17 2014 16:11:32 ] [var/ezdemo_site/cache/template/compiled/content_grid_1col_4rows-6f932b51f611a6727ba78f6a74482bdc.php]
[ Jan 17 2014 16:11:37 ] [var/ezdemo_site/cache/template/compiled/sitemap-173ad3a1433de86249fe60d7d26d2f9c.php]
[ Jan 17 2014 16:28:30 ] [var/ezdemo_site/cache/template/compiled/blog_post-fbb1fa846f12469a2f5100797ffb5461.php]
[ Jan 17 2014 16:28:30 ] [I:\xampp\htdocs\testezp\ezpublish_legacy\lib\ezutils\classes/../../../var/cache/ini/ezcomments-48af3b20c0fa88380642a98293a48dc5.php]
[ Jan 17 2014 16:28:31 ] [var/ezdemo_site/cache/template/compiled/ezcomcomments-c3e6eeefbc99799aa588d64a82d37df0.php]
[ Jan 17 2014 16:28:31 ] [var/ezdemo_site/cache/template/compiled/related_content-5a6eb2c2a25defd6517065fa242352e4.php]
[ Jan 17 2014 16:29:34 ] [var/ezdemo_site/cache/template/compiled/register-c0a0d6a27c9119bc1b1d904d06aeab85.php]
[ Jan 17 2014 16:29:34 ] [var/ezdemo_site/cache/template/compiled/ezstring-f9d6cc277eced5bbdcd3c8cbfa3c2476.php]
[ Jan 17 2014 16:29:34 ] [var/ezdemo_site/cache/template/compiled/ezuser-6645c8d03db0476f7c09eea6d9a36bb4.php]
[ Jan 17 2014 16:29:35 ] [var/ezdemo_site/cache/template/compiled/eztext-b7e3814d1f7e7cb25abd906c8d64a581.php]
[ Jan 17 2014 16:29:35 ] [I:\xampp\htdocs\testezp\ezpublish_legacy\lib\ezutils\classes/../../../var/cache/ini/units-dd4376e5084f395f5a1e487945b9bbae.php]
[ Jan 17 2014 16:29:35 ] [var/ezdemo_site/cache/template/compiled/ezimage-57cf4f5fd5673ffa39b09ee5174fc200.php]
[ Jan 17 2014 16:29:35 ] [var/ezdemo_site/cache/template/compiled/gui-a1ff0937693b8165f16c1b2a4002937e.php]
[ Jan 17 2014 16:44:32 ] [var/ezdemo_site/cache/template/compiled/tagcloud-09700e3129ae1e4d458de54fdd8e1c66.php]
[ Jan 17 2014 16:44:43 ] [I:\xampp\htdocs\testezp\ezpublish_legacy\lib\ezutils\classes/../../../var/cache/ini/transform-f6703a4eab72d3bb0d07be03753c65b2.php]
[ Jan 17 2014 16:44:44 ] [var/ezdemo_site/cache/codepages/36e48c5d322c489dd3ee4e51ffda1494.php]
[ Jan 17 2014 16:44:50 ] [var/ezdemo_site/cache/trans/g-search-1924056142-utf-8.ctt.php]
[ Jan 17 2014 16:44:52 ] [var/ezdemo_site/cache/template/compiled/search-136b5073e44ea95d1eb95a882546fe96.php]
[ Jan 17 2014 16:46:21 ] [var/ezdemo_site/cache/template/compiled/keyword-2d5fecba63d2af01d7dab1bd6c597646.php]
[ Jan 17 2014 16:46:23 ] [var/ezdemo_site/cache/trans/g-lowercase-635518252-utf-8.ctt.php]
[ Jan 17 2014 16:46:45 ] [var/ezdemo_site/cache/template/compiled/article-6163d2970ea5e650b48eea0bac837b89.php]
[ Jan 17 2014 16:46:47 ] [var/ezdemo_site/cache/template/compiled/ezsrrating-fc793516cea8882cd320c876f488192a.php]
[ Jan 17 2014 16:46:47 ] [var/ezdemo_site/cache/template/compiled/social_buttons-481d874da412085e3a85ae32b7725056.php]
[ Jan 17 2014 16:46:47 ] [I:\xampp\htdocs\testezp\ezpublish_legacy\lib\ezutils\classes/../../../var/cache/ini/ezgmaplocation-5b00a81936155d1703f25edb463553ad.php]
[ Jan 17 2014 16:46:47 ] [var/ezdemo_site/cache/template/compiled/ezgmaplocation_article-1dd17676c6929159389cc3a5aa0e75d6.php]
