[ Jan 17 2014 15:15:17 ] [I:\xampp\htdocs\testezp\ezpublish_legacy\lib\ezutils\classes/../../../var/cache/ini/transform-083d011d20afbbfd0e2067a9cd047be1.php]
[ Jan 17 2014 15:15:22 ] [var/ezdemo_site/cache/trans/g-urlalias-1350215278-utf-8.ctt.php]
[ Jan 17 2014 15:15:36 ] [I:\xampp\htdocs\testezp\ezpublish_legacy\lib\ezutils\classes/../../../var/cache/ini/site-9cb0e9631ed265dd09f7291efc783195.php]
[ Jan 17 2014 15:16:02 ] [I:\xampp\htdocs\testezp\ezpublish_legacy\lib\ezutils\classes/../../../var/cache/ini/site-9cb0e9631ed265dd09f7291efc783195.php]
[ Jan 17 2014 15:16:39 ] [I:\xampp\htdocs\testezp\ezpublish_legacy\lib\ezutils\classes/../../../var/cache/ini/site-9cb0e9631ed265dd09f7291efc783195.php]
[ Jan 17 2014 15:16:58 ] [I:\xampp\htdocs\testezp\ezpublish_legacy\lib\ezutils\classes/../../../var/cache/ini/country-d0b25fd0e88aef257fad3f5e3f576259.php]
[ Jan 17 2014 15:16:59 ] [I:\xampp\htdocs\testezp\ezpublish_legacy\lib\ezutils\classes/../../../var/cache/ini/shop-d041d1de3cfcb800029732603d1289cf.php]
[ Jan 17 2014 15:17:11 ] [var/ezdemo_site/cache/trans/g-lowercase-635518252-utf-8.ctt.php]
[ Jan 17 2014 15:17:11 ] [I:\xampp\htdocs\testezp\ezpublish_legacy\lib\ezutils\classes/../../../var/cache/ini/browse-9cad36798ff46a9c3346eec5e86012ad.php]
[ Jan 17 2014 15:17:11 ] [var/ezdemo_site/cache/classattributeidentifiers_22a024ef61a043c571e9118e053cfdcb.php]
[ Jan 17 2014 15:17:21 ] [var/ezdemo_site/cache/trans/g-urlalias_compat-289587731-utf-8.ctt.php]
[ Jan 17 2014 15:17:21 ] [I:\xampp\htdocs\testezp\ezpublish_legacy\lib\ezutils\classes/../../../var/cache/ini/viewcache-27fc14fff52493a580b0885d7a777cb2.php]
[ Jan 17 2014 15:17:27 ] [var/ezdemo_site/cache/trans/g-search-1924056142-utf-8.ctt.php]
[ Jan 17 2014 15:17:27 ] [I:\xampp\htdocs\testezp\ezpublish_legacy\lib\ezutils\classes/../../../var/cache/ini/notification-ed0e63692e00f7615235c74ecdcaee35.php]
[ Jan 17 2014 15:17:27 ] [I:\xampp\htdocs\testezp\ezpublish_legacy\lib\ezutils\classes/../../../var/cache/ini/ezxml-8d5968497d0d06db4b5e462d0b415082.php]
[ Jan 17 2014 15:17:28 ] [I:\xampp\htdocs\testezp\ezpublish_legacy\lib\ezutils\classes/../../../var/cache/ini/mime-a915a6fa8eec8f1145405a0326aeabda.php]
[ Jan 17 2014 15:17:57 ] [I:\xampp\htdocs\testezp\ezpublish_legacy\lib\ezutils\classes/../../../var/cache/ini/audit-bcb0f5f1caf0dd0fb42800441732b485.php]
[ Jan 17 2014 15:18:17 ] [I:\xampp\htdocs\testezp\ezpublish_legacy\lib\ezutils\classes/../../../var/cache/ini/binaryfile-9b2905fedcf74af94e9302521d984d0e.php]
[ Jan 17 2014 15:18:20 ] [I:\xampp\htdocs\testezp\ezpublish_legacy\lib\ezutils\classes/../../../var/cache/ini/menu-409972287bb1cd0a01a3f4f31cd7ac07.php]
[ Jan 17 2014 15:18:20 ] [I:\xampp\htdocs\testezp\ezpublish_legacy\lib\ezutils\classes/../../../var/cache/ini/toolbar-640b0c83b6b4f2e4625f3cecc72d4c14.php]
[ Jan 17 2014 15:18:20 ] [I:\xampp\htdocs\testezp\ezpublish_legacy\lib\ezutils\classes/../../../var/cache/ini/site-47e35424336af3c2b858faec0dfb5832.php]
[ Jan 17 2014 15:18:22 ] [I:\xampp\htdocs\testezp\ezpublish_legacy\lib\ezutils\classes/../../../var/cache/ini/contentstructuremenu-35dc8acffa58c013fcd7c4eb7908b036.php]
[ Jan 17 2014 15:18:22 ] [I:\xampp\htdocs\testezp\ezpublish_legacy\lib\ezutils\classes/../../../var/cache/ini/icon-f6f9d972d331f69e3dedae89d5539191.php]
[ Jan 17 2014 15:18:27 ] [var/ezdemo_site/cache/classidentifiers_22a024ef61a043c571e9118e053cfdcb.php]
[ Jan 17 2014 15:18:28 ] [var/ezdemo_site/cache/classattributeidentifiers_22a024ef61a043c571e9118e053cfdcb.php]
[ Jan 17 2014 15:18:28 ] [I:\xampp\htdocs\testezp\ezpublish_legacy\lib\ezutils\classes/../../../var/cache/ini/workflow-bbdaa9d448c9363def9a30b9af63440d.php]
[ Jan 17 2014 15:18:28 ] [I:\xampp\htdocs\testezp\ezpublish_legacy\lib\ezutils\classes/../../../var/cache/ini/paymentgateways-6783c224887b73ddeb325fed92dd715b.php]
[ Jan 17 2014 15:18:28 ] [var/ezdemo_site/cache/classattributeidentifiers_22a024ef61a043c571e9118e053cfdcb.php]
[ Jan 17 2014 15:18:31 ] [I:\xampp\htdocs\testezp\ezpublish_legacy\lib\ezutils\classes/../../../var/cache/ini/site-c2189db424df1a4d7b83110dcb5be008.php]
[ Jan 17 2014 15:18:31 ] [I:\xampp\htdocs\testezp\ezpublish_legacy\lib\ezutils\classes/../../../var/cache/ini/override-3aef7736b836fa16dedcbcf313e4ab3b.php]
[ Jan 17 2014 15:18:31 ] [I:\xampp\htdocs\testezp\ezpublish_legacy\lib\ezutils\classes/../../../var/cache/ini/override-18128e6673d7cc95a2b3c5ebff53b61c.php]
[ Jan 17 2014 15:18:31 ] [I:\xampp\htdocs\testezp\ezpublish_legacy\lib\ezutils\classes/../../../var/cache/ini/override-6a4ee1142b5cb3da522501e92d4eff91.php]
[ Jan 17 2014 15:18:31 ] [I:\xampp\htdocs\testezp\ezpublish_legacy\lib\ezutils\classes/../../../var/cache/ini/texttoimage-7d6660b3fd7317be294468d23cb049f7.php]
[ Jan 17 2014 15:18:32 ] [I:\xampp\htdocs\testezp\ezpublish_legacy\lib\ezutils\classes/../../../var/cache/ini/layout-b5db9a3c69e09c4bd651d71fb240bbdb.php]
[ Jan 17 2014 15:18:32 ] [I:\xampp\htdocs\testezp\ezpublish_legacy\lib\ezutils\classes/../../../var/cache/ini/menu-409972287bb1cd0a01a3f4f31cd7ac07.php]
[ Jan 17 2014 15:18:33 ] [var/cache//active_extensions_0e73a23df4096f7af12df666bd85f952.php]
[ Jan 17 2014 15:18:33 ] [I:\xampp\htdocs\testezp\ezpublish_legacy\lib\ezutils\classes/../../../var/cache/ini/site-c1623af31c16fc3ffee5a05097e95dd6.php]
[ Jan 17 2014 15:18:33 ] [I:\xampp\htdocs\testezp\ezpublish_legacy\lib\ezutils\classes/../../../var/cache/ini/module-216c07934a055d1e40e1dbd133249844.php]
[ Jan 17 2014 15:18:33 ] [I:\xampp\htdocs\testezp\ezpublish_legacy\lib\ezutils\classes/../../../var/cache/ini/site-b21adb07b78bf6af8cf743022ea72e15.php]
[ Jan 17 2014 15:18:33 ] [I:\xampp\htdocs\testezp\ezpublish_legacy\lib\ezutils\classes/../../../var/cache/ini/site-3f3a1af30e380e1ab39e405842b30665.php]
[ Jan 17 2014 15:18:34 ] [I:\xampp\htdocs\testezp\ezpublish_legacy\lib\ezutils\classes/../../../var/cache/ini/site-6ac0634fb5e1e33d9918348d669a90a8.php]
[ Jan 17 2014 15:18:34 ] [I:\xampp\htdocs\testezp\ezpublish_legacy\lib\ezutils\classes/../../../var/cache/ini/site-830bbaa0cd2790d9780d76b9de0afc6f.php]
[ Jan 17 2014 15:18:34 ] [I:\xampp\htdocs\testezp\ezpublish_legacy\lib\ezutils\classes/../../../var/cache/ini/image-890a19ff2624294516cd6b65407d97d3.php]
[ Jan 17 2014 15:18:34 ] [I:\xampp\htdocs\testezp\ezpublish_legacy\lib\ezutils\classes/../../../var/cache/ini/image-35a8972d1d0efcc8c11bed57a4373607.php]
[ Jan 17 2014 15:18:34 ] [I:\xampp\htdocs\testezp\ezpublish_legacy\lib\ezutils\classes/../../../var/cache/ini/image-10441bbc0998080b957c952da8d8d29e.php]
[ Jan 17 2014 15:18:36 ] [I:\xampp\htdocs\testezp\ezpublish_legacy\lib\ezutils\classes/../../../var/cache/ini/image-d1d42c96375a81a19f779ded67a393ba.php]
[ Jan 17 2014 15:35:33 ] [I:\xampp\htdocs\testezp\ezpublish_legacy\lib\ezutils\classes/../../../var/cache/ini/i18n-678d2accc237fa9079b9b3abc491748f.php]
[ Jan 17 2014 15:35:33 ] [I:\xampp\htdocs\testezp\ezpublish_legacy\lib\ezutils\classes/../../../var/cache/ini/i18n-f7061ade0fe840d15a8c81f654b48eb1.php]
[ Jan 17 2014 15:35:33 ] [I:\xampp\htdocs\testezp\ezpublish_legacy\lib\ezutils\classes/../../../var/cache/ini/file-33c0d0b2750379ea6bbc0a7c3b47cab4.php]
[ Jan 17 2014 15:35:33 ] [I:\xampp\htdocs\testezp\ezpublish_legacy\lib\ezutils\classes/../../../var/cache/ini/debug-30b58d57277a91a861853a35747eb10e.php]
[ Jan 17 2014 15:35:34 ] [I:\xampp\htdocs\testezp\ezpublish_legacy\lib\ezutils\classes/../../../var/cache/ini/template-e3097e0171e55a661b90bef4dd6147d3.php]
[ Jan 17 2014 15:35:34 ] [I:\xampp\htdocs\testezp\ezpublish_legacy\lib\ezutils\classes/../../../var/cache/ini/module-2a66b3a32c8ca22deff40d21d417c892.php]
[ Jan 17 2014 15:35:34 ] [I:\xampp\htdocs\testezp\ezpublish_legacy\lib\ezutils\classes/../../../var/cache/ini/debug-e3ac6e9ab69cab989c893c39819fcd29.php]
[ Jan 17 2014 15:35:34 ] [I:\xampp\htdocs\testezp\ezpublish_legacy\lib\ezutils\classes/../../../var/cache/ini/eng-GB-b7245ecb8d894bd16995d39d71281c31.php]
[ Jan 17 2014 15:35:34 ] [I:\xampp\htdocs\testezp\ezpublish_legacy\lib\ezutils\classes/../../../var/cache/ini/file-17dd73e69a3466a08c4434d36431ff1c.php]
[ Jan 17 2014 15:35:34 ] [var/ezdemo_site/cache/statelimitations_22a024ef61a043c571e9118e053cfdcb.php]
[ Jan 17 2014 15:35:35 ] [I:\xampp\htdocs\testezp\ezpublish_legacy\lib\ezutils\classes/../../../var/cache/ini/content-cf599c8f3de96e32174364f8b1d75995.php]
[ Jan 17 2014 15:35:35 ] [I:\xampp\htdocs\testezp\ezpublish_legacy\lib\ezutils\classes/../../../var/cache/ini/workflow-8a6fbf7e33c1ac41260bda0c17a91c36.php]
[ Jan 17 2014 15:35:36 ] [I:\xampp\htdocs\testezp\ezpublish_legacy\lib\ezutils\classes/../../../var/cache/ini/override-992cd5e77fb02addcfcf1f022472be06.php]
[ Jan 17 2014 15:35:36 ] [I:\xampp\htdocs\testezp\ezpublish_legacy\lib\ezutils\classes/../../../var/cache/ini/design-40d21234f03462242372a7c8b2471ba4.php]
[ Jan 17 2014 15:35:39 ] [var/ezdemo_site/cache/override/override_e3fb0bf214bfa6bfb01cefbb60b8e637.php]
[ Jan 17 2014 15:35:39 ] [var/ezdemo_site/cache/template/compiled/common.php]
[ Jan 17 2014 15:35:39 ] [var/ezdemo_site/cache/template/compiled/landing_page-b7d72735f5328eaaf5f4092b8f6e6c53.php]
[ Jan 17 2014 15:35:39 ] [var/ezdemo_site/cache/template/compiled/ezpage-62fe3e07fdaf5129d8823d3486910c98.php]
[ Jan 17 2014 15:35:39 ] [I:\xampp\htdocs\testezp\ezpublish_legacy\lib\ezutils\classes/../../../var/cache/ini/zone-cb9f25ec549037f368df843c9a944e1f.php]
[ Jan 17 2014 15:35:40 ] [var/ezdemo_site/cache/template/compiled/2zoneslayout1-0ea75f176cc7a710d794a50a56db6b5a.php]
[ Jan 17 2014 15:35:40 ] [var/ezdemo_site/cache/template/compiled/zone_block-2751ccdb23accd8623005f14e3a88c9c.php]
[ Jan 17 2014 15:35:40 ] [var/ezdemo_site/cache/template/compiled/zone_block_top-2747ec8e69aa5cbf14a99f09c8318d1a.php]
[ Jan 17 2014 15:35:40 ] [I:\xampp\htdocs\testezp\ezpublish_legacy\lib\ezutils\classes/../../../var/cache/ini/block-c4814032755420422e6c298cad84149a.php]
[ Jan 17 2014 15:35:41 ] [var/ezdemo_site/cache/template/compiled/campaign-90d3a505a7cc3f2bcaf5bfb575bb0472.php]
[ Jan 17 2014 15:35:41 ] [var/ezdemo_site/cache/template/compiled/article-d7d07586372906a4c81250c1d02adcb2.php]
[ Jan 17 2014 15:35:41 ] [I:\xampp\htdocs\testezp\ezpublish_legacy\lib\ezutils\classes/../../../var/cache/ini/image-9115fa5ba2a9b02865782f4cff7e4ce5.php]
[ Jan 17 2014 15:35:42 ] [I:\xampp\htdocs\testezp\ezpublish_legacy\lib\ezutils\classes/../../../var/cache/ini/mime-6a04e2237371e5228bf74112ecfa6785.php]
[ Jan 17 2014 15:35:42 ] [I:\xampp\htdocs\testezp\ezpublish_legacy\lib\ezutils\classes/../../../var/cache/ini/ezxml-4632f8cbfad787ff022219d51df4d448.php]
[ Jan 17 2014 15:35:42 ] [var/ezdemo_site/cache/template/compiled/ezxmltext-13c6d143aad2644710297f05b5cf3088.php]
[ Jan 17 2014 15:36:29 ] [I:\xampp\htdocs\testezp\ezpublish_legacy\lib\ezutils\classes/../../../var/cache/ini/design-e95ab77372513caf4e4a774f70bca9f1.php]
[ Jan 17 2014 15:36:29 ] [var/ezdemo_site/cache/template/compiled/landing_page-217e0f05794c1fe7b727b1a370004ca1.php]
[ Jan 17 2014 15:36:29 ] [var/ezdemo_site/cache/template/compiled/ezpage-e5b2df8d47a707771d863ace28261da8.php]
[ Jan 17 2014 15:36:29 ] [I:\xampp\htdocs\testezp\ezpublish_legacy\lib\ezutils\classes/../../../var/cache/ini/zone-80fc8cb424319532dbb79ad0c866382d.php]
[ Jan 17 2014 15:36:30 ] [var/ezdemo_site/cache/template/compiled/2zoneslayout1-283ea1da964c60d962d4cc9ec0698473.php]
[ Jan 17 2014 15:36:30 ] [var/ezdemo_site/cache/template/compiled/zone_block-03a3e5e495f0888b165cea14361a6675.php]
[ Jan 17 2014 15:36:30 ] [var/ezdemo_site/cache/template/compiled/zone_block_top-b9ef54e970f76ba9ddc63c585602e64a.php]
[ Jan 17 2014 15:36:30 ] [I:\xampp\htdocs\testezp\ezpublish_legacy\lib\ezutils\classes/../../../var/cache/ini/block-59086d3a80b50d5e45453fb5c94f6965.php]
[ Jan 17 2014 15:36:30 ] [var/ezdemo_site/cache/template/compiled/campaign-e89f2d942f8d8504a0c9edef2db17076.php]
[ Jan 17 2014 15:36:31 ] [var/ezdemo_site/cache/template/compiled/article-9fb639c3a2550814a403f2e49ab0d3a0.php]
[ Jan 17 2014 15:36:31 ] [I:\xampp\htdocs\testezp\ezpublish_legacy\lib\ezutils\classes/../../../var/cache/ini/ezxml-a62bfa52c6702b3a4f396e7a645f2138.php]
[ Jan 17 2014 15:36:31 ] [var/ezdemo_site/cache/template/compiled/ezxmltext-512aa8a9fe5977d7ff9389d5e4b4c42c.php]
[ Jan 17 2014 15:36:39 ] [I:\xampp\htdocs\testezp\ezpublish_legacy\lib\ezutils\classes/../../../var/cache/ini/template-e4c949ab1ff76b87dbabe6ae28dba50d.php]
[ Jan 17 2014 15:36:39 ] [I:\xampp\htdocs\testezp\ezpublish_legacy\lib\ezutils\classes/../../../var/cache/ini/module-7898a0b05798aab89b2c8a3c48a8a199.php]
[ Jan 17 2014 15:36:39 ] [I:\xampp\htdocs\testezp\ezpublish_legacy\lib\ezutils\classes/../../../var/cache/ini/debug-7b6a02e70c9df8868ac22827b37796fe.php]
[ Jan 17 2014 15:36:39 ] [I:\xampp\htdocs\testezp\ezpublish_legacy\lib\ezutils\classes/../../../var/cache/ini/eng-GB-c779ed96f6fa237c11b172a7bdeee8ee.php]
[ Jan 17 2014 15:36:40 ] [I:\xampp\htdocs\testezp\ezpublish_legacy\lib\ezutils\classes/../../../var/cache/ini/override-4fbe60538eb9b8b611b0bfd20491bd7c.php]
[ Jan 17 2014 15:36:40 ] [I:\xampp\htdocs\testezp\ezpublish_legacy\lib\ezutils\classes/../../../var/cache/ini/design-50fd7c1c97139f98812405cfdbd082c1.php]
[ Jan 17 2014 15:36:40 ] [I:\xampp\htdocs\testezp\ezpublish_legacy\lib\ezutils\classes/../../../var/cache/ini/file-2fa810ec9feb1b29444a07e087a6574a.php]
[ Jan 17 2014 15:36:41 ] [var/ezdemo_site/cache/override/override_dff0164ce3d3cbadd3ffb2e19c83bf05.php]
[ Jan 17 2014 15:36:41 ] [var/ezdemo_site/cache/template/compiled/login-a8c08eb0a2ae8d90d1a4da48afbf5a02.php]
[ Jan 17 2014 15:36:41 ] [I:\xampp\htdocs\testezp\ezpublish_legacy\lib\ezutils\classes/../../../var/cache/ini/menu-446b071986cca8ff3ec940fb5afbbabb.php]
[ Jan 17 2014 15:36:42 ] [var/ezdemo_site/cache/template/compiled/loginpagelayout-f14dfa2c44b3c47be9d2ceb560a40f24.php]
[ Jan 17 2014 15:36:42 ] [var/ezdemo_site/cache/template/compiled/page_head-f91f12b3d76a1af6e9d9c8a91b57cd23.php]
[ Jan 17 2014 15:36:42 ] [var/ezdemo_site/cache/template/compiled/canonical_link-9787771530d288219952b934827b8967.php]
[ Jan 17 2014 15:36:42 ] [var/ezdemo_site/cache/template/compiled/link-e7c86ebb7d62093bc862bd2c764eb5f7.php]
[ Jan 17 2014 15:36:43 ] [var/ezdemo_site/cache/template/compiled/page_head_style-5fb522d091ace467d5154c62bd2a2261.php]
[ Jan 17 2014 15:36:43 ] [I:\xampp\htdocs\testezp\ezpublish_legacy\lib\ezutils\classes/../../../var/cache/ini/ezjscore-704cc3777586b6e5884ff21e87e47d66.php]
[ Jan 17 2014 15:36:43 ] [var/ezdemo_site/cache/template/compiled/page_head_style_inline-ac08a5d5943a68d772da8dfb57239989.php]
[ Jan 17 2014 15:36:43 ] [var/ezdemo_site/cache/template/compiled/page_head_script-d1b1fdc9b4796ea1d7fbf30a928a395c.php]
[ Jan 17 2014 15:36:43 ] [var/ezdemo_site/cache/template/compiled/page_mainarea-93b001913911d20648d782e977a3f63c.php]
[ Jan 17 2014 15:36:44 ] [var/ezdemo_site/cache/template/compiled/page_login_copyright-49c97cbbc8c482e7f830682eabee052e.php]
[ Jan 17 2014 15:36:49 ] [I:\xampp\htdocs\testezp\ezpublish_legacy\lib\ezutils\classes/../../../var/cache/ini/file-b1b315da574a6a79ae9c1227ca621e3f.php]
[ Jan 17 2014 15:36:49 ] [I:\xampp\htdocs\testezp\ezpublish_legacy\lib\ezutils\classes/../../../var/cache/ini/content-cd06bc1bc37557a522fa9e90249cdf82.php]
[ Jan 17 2014 15:36:49 ] [I:\xampp\htdocs\testezp\ezpublish_legacy\lib\ezutils\classes/../../../var/cache/ini/design-e93b4a4ada700434e31c6ea6d9e0b9d3.php]
[ Jan 17 2014 15:36:50 ] [var/ezdemo_site/cache/template/compiled/register-df38772625f2f8499d5c8a8c24740ffa.php]
[ Jan 17 2014 15:36:52 ] [var/ezdemo_site/cache/template/compiled/edit_attribute-906f2c248d558c6be8ac68be9dcc766e.php]
[ Jan 17 2014 15:36:52 ] [I:\xampp\htdocs\testezp\ezpublish_legacy\lib\ezutils\classes/../../../var/cache/ini/datatype-d34013be3518cb6e20cf5fc71d730158.php]
[ Jan 17 2014 15:36:52 ] [var/ezdemo_site/cache/template/compiled/ezstring-3f54e0a2680b78ae87551062a4d4f703.php]
[ Jan 17 2014 15:36:53 ] [var/ezdemo_site/cache/template/compiled/ezuser-0b15e4dfd66423c55050ce89f06b06d7.php]
[ Jan 17 2014 15:36:53 ] [var/ezdemo_site/cache/template/compiled/eztext-7099466ac498adf1dd35c820433816ec.php]
[ Jan 17 2014 15:36:53 ] [I:\xampp\htdocs\testezp\ezpublish_legacy\lib\ezutils\classes/../../../var/cache/ini/units-c7ac379013b3ff467c45bccce9b1f576.php]
[ Jan 17 2014 15:36:53 ] [var/ezdemo_site/cache/template/compiled/ezimage-ea5adcd23afd7597c9a3988b611ca5bf.php]
[ Jan 17 2014 15:36:54 ] [var/ezdemo_site/cache/template/compiled/gui-d6d6d2a4d9a84ed8f09d05aac728fbcf.php]
[ Jan 17 2014 15:36:54 ] [I:\xampp\htdocs\testezp\ezpublish_legacy\lib\ezutils\classes/../../../var/cache/ini/mime-e6d93d75f7cf98991713a238cb8eb3fc.php]
[ Jan 17 2014 15:36:54 ] [I:\xampp\htdocs\testezp\ezpublish_legacy\lib\ezutils\classes/../../../var/cache/ini/menu-f18d38551d3a3fe5c1eea0902fd0121a.php]
[ Jan 17 2014 15:36:54 ] [I:\xampp\htdocs\testezp\ezpublish_legacy\lib\ezutils\classes/../../../var/cache/ini/ezjscore-47a8240921294ffa9ae6c92a7d7c848d.php]
[ Jan 17 2014 15:37:35 ] [I:\xampp\htdocs\testezp\ezpublish_legacy\lib\ezutils\classes/../../../var/cache/ini/i18n-149c7e97eba6289cc05fdf6edff14438.php]
[ Jan 17 2014 15:44:09 ] [var/ezdemo_site/cache/template/compiled/line-90d78a6cd877969aa6dc43325fe2fe65.php]
[ Jan 17 2014 15:44:09 ] [var/ezdemo_site/cache/template/compiled/paragraph-f35e0bbd66f274586e3d2f395b994d11.php]
[ Jan 17 2014 15:44:09 ] [var/ezdemo_site/cache/template/compiled/zone_block_bottom-937bf6d176f0742aafe416be0a079473.php]
[ Jan 17 2014 15:44:11 ] [var/ezdemo_site/cache/template/compiled/content_grid_2cols_2rows-08807b98c5e3c4883c14c6b506a43cd1.php]
[ Jan 17 2014 15:44:12 ] [var/ezdemo_site/cache/template/compiled/article-65099ae3c6c3b1157c30c1ac4ef12ea1.php]
[ Jan 17 2014 15:44:13 ] [var/ezdemo_site/cache/template/compiled/ezimage-7e11cf937948cb179b34a24d71e1c0a0.php]
[ Jan 17 2014 15:44:13 ] [I:\xampp\htdocs\testezp\ezpublish_legacy\lib\ezutils\classes/../../../var/cache/ini/mime-a082aa266a49aaa6e2104ca9a523dc6a.php]
[ Jan 17 2014 15:44:16 ] [var/ezdemo_site/cache/template/compiled/gallery-954da3ea232ca6955e6183ff632a2730.php]
[ Jan 17 2014 15:44:16 ] [var/ezdemo_site/cache/template/compiled/gallery_viewer-ccafe8deb20c2f4f63aec00e15ed5df5.php]
[ Jan 17 2014 15:44:17 ] [var/ezdemo_site/cache/template/compiled/link-45a8e597b555b63ace1f8b174cefc664.php]
[ Jan 17 2014 15:44:18 ] [var/ezdemo_site/cache/template/compiled/gallery_item-50cc027f031dbb2e20d3035f14113e60.php]
[ Jan 17 2014 15:44:25 ] [var/ezdemo_site/cache/template/compiled/content_grid_1col_2rows-0a522b941fbbaba37eab636e4a80f3af.php]
[ Jan 17 2014 15:44:25 ] [var/ezdemo_site/cache/template/compiled/call_to_action-6d9f9939a3ef0ffab265da5558cd8ef3.php]
[ Jan 17 2014 15:44:25 ] [var/ezdemo_site/cache/template/compiled/product-c97162871b8c973a5c6863285c15ecea.php]
[ Jan 17 2014 15:44:27 ] [var/ezdemo_site/cache/template/compiled/feed_reader-5423eade0c800a6996fbe699468a2448.php]
[ Jan 17 2014 15:44:31 ] [var/ezdemo_site/cache/template/compiled/video-73b0fe1647c8f9939e9944a5e1c3d5e0.php]
[ Jan 17 2014 15:44:31 ] [var/ezdemo_site/cache/template/compiled/tag_cloud-c88249cbad683e8ef4e89b353a66c5ab.php]
[ Jan 17 2014 15:44:31 ] [var/ezdemo_site/cache/template/compiled/tagcloud-f949df13976a9c045b058ab1cb66affb.php]
[ Jan 17 2014 15:44:32 ] [I:\xampp\htdocs\testezp\ezpublish_legacy\lib\ezutils\classes/../../../var/cache/ini/menu-8725f34c6f2a111cac93d9f0abd06f22.php]
[ Jan 17 2014 15:44:33 ] [var/ezdemo_site/cache/template/compiled/pagelayout-65b7153c9bbfbf6e0d48b62b566c7024.php]
[ Jan 17 2014 15:44:33 ] [var/ezdemo_site/cache/template/compiled/page_head_displaystyles-da34ad0d78ea868684bae6d914ad715c.php]
[ Jan 17 2014 15:44:33 ] [var/ezdemo_site/cache/template/compiled/page_head-a7d1ebb3bc7a3709fed3cc8f498e4915.php]
[ Jan 17 2014 15:44:34 ] [var/ezdemo_site/cache/template/compiled/canonical_link-c74888a2f1ad90e7a18a18cb98f2de0a.php]
[ Jan 17 2014 15:44:34 ] [var/ezdemo_site/cache/template/compiled/link-d94ffcab765e11b0188cda12f52b6a9b.php]
[ Jan 17 2014 15:44:34 ] [var/ezdemo_site/cache/template/compiled/page_head_style-b1ed443759cfb26b64361747126bc3a4.php]
[ Jan 17 2014 15:44:34 ] [I:\xampp\htdocs\testezp\ezpublish_legacy\lib\ezutils\classes/../../../var/cache/ini/ezjscore-18051ca40d2392da5e20d06f57280ea8.php]
[ Jan 17 2014 15:44:35 ] [var/ezdemo_site/cache/template/compiled/page_head_script-ce40a851f6938e03c70449eb13889c29.php]
[ Jan 17 2014 15:44:35 ] [var/ezdemo_site/cache/template/compiled/page_header-61b2987592cb76d12609d2de04edca61.php]
[ Jan 17 2014 15:44:35 ] [var/ezdemo_site/cache/template/compiled/page_header_languages-5536cafbbc15321de4130c6ebee1c18b.php]
[ Jan 17 2014 15:44:36 ] [var/ezdemo_site/cache/template/compiled/page_header_links-d3155c18b6914d24d6bc3cf32fb7803f.php]
[ Jan 17 2014 15:44:36 ] [var/ezdemo_site/cache/template/compiled/page_header_logo-76e5aa87181094137e23a0fc31af677a.php]
[ Jan 17 2014 15:44:36 ] [var/ezdemo_site/cache/template/compiled/page_header_searchbox-91ae085e181d6a0fab9108b9bc6c5437.php]
[ Jan 17 2014 15:44:36 ] [var/ezdemo_site/cache/template/compiled/page_topmenu-a7ec711f7d16c87219288a38475d3c07.php]
[ Jan 17 2014 15:44:37 ] [var/ezdemo_site/cache/template/compiled/double_top-9645b3598a6b4112a60c5266f4a6625b.php]
[ Jan 17 2014 15:44:37 ] [var/ezdemo_site/cache/template/compiled/page_toppath-0e493da5be784941d3fc51613d282b02.php]
[ Jan 17 2014 15:44:37 ] [var/ezdemo_site/cache/template/compiled/path-1e32f6334ccaa43ffcd04f5c22253f57.php]
[ Jan 17 2014 15:44:38 ] [var/ezdemo_site/cache/template/compiled/page_mainarea-43faa65b357f4a328ebe5c46204a6229.php]
[ Jan 17 2014 15:44:38 ] [var/ezdemo_site/cache/template/compiled/page_footer-6091f3cc460cd39d1a37c4a6a88c08f3.php]
[ Jan 17 2014 15:44:38 ] [var/ezdemo_site/cache/template/compiled/address-e36984c3008959d3b08f646d40e0f169.php]
[ Jan 17 2014 15:44:38 ] [var/ezdemo_site/cache/template/compiled/latest_news-4090ee221613afdcb5c41d5e103aae4f.php]
[ Jan 17 2014 15:44:38 ] [var/ezdemo_site/cache/template/compiled/links-24108614631205fa4caf2330494f2721.php]
[ Jan 17 2014 15:44:39 ] [var/ezdemo_site/cache/template/compiled/li-37b25b9374b08333d097e34c91260017.php]
[ Jan 17 2014 15:44:39 ] [var/ezdemo_site/cache/template/compiled/ul-d88e434773175ea70dd061355e70776b.php]
[ Jan 17 2014 15:44:39 ] [var/ezdemo_site/cache/template/compiled/page_footer_script-3c1fe4ad17015fee7e556312d316eb65.php]
[ Jan 17 2014 15:45:11 ] [I:\xampp\htdocs\testezp\ezpublish_legacy\lib\ezutils\classes/../../../var/cache/ini/error-69e87322a68875df2a17b98193497b27.php]
[ Jan 17 2014 15:45:11 ] [var/ezdemo_site/cache/template/compiled/20-8effef6f0129b6dfd69a7f7d693a29ab.php]
[ Jan 17 2014 15:45:12 ] [var/ezdemo_site/cache/template/compiled/pagelayout-4e36e41a20c0f3fdd1c4d1b1c464d70c.php]
[ Jan 17 2014 15:45:12 ] [var/ezdemo_site/cache/template/compiled/page_head_displaystyles-9d12002207b136398a8f577ae17d7e5f.php]
[ Jan 17 2014 15:45:13 ] [var/ezdemo_site/cache/template/compiled/page_head-cfeac5b67a861cea99cd0117b8861b2b.php]
[ Jan 17 2014 15:45:13 ] [var/ezdemo_site/cache/template/compiled/canonical_link-a4e2053034b881ec4ae2a5eb102f3a1d.php]
[ Jan 17 2014 15:45:13 ] [var/ezdemo_site/cache/template/compiled/link-ca5a97905a09c3baccd69964842981cd.php]
[ Jan 17 2014 15:45:13 ] [var/ezdemo_site/cache/template/compiled/page_head_style-d8e70372c58ffcd3c913d6e60822fc07.php]
[ Jan 17 2014 15:45:13 ] [var/ezdemo_site/cache/template/compiled/page_head_script-b11ae32aaa0c3f17533e1e6849d05915.php]
[ Jan 17 2014 15:45:14 ] [var/ezdemo_site/cache/template/compiled/page_header-5d9366406d436d180314ef0b69b457f7.php]
[ Jan 17 2014 15:45:14 ] [var/ezdemo_site/cache/template/compiled/page_header_languages-b199981e6db9b83f91db94aa6092e7dd.php]
[ Jan 17 2014 15:45:14 ] [var/ezdemo_site/cache/template/compiled/page_header_links-60f3c2a627bcfb67857a431ca677a90f.php]
[ Jan 17 2014 15:45:14 ] [var/ezdemo_site/cache/template/compiled/page_header_logo-c9d86ca29c2adfefa17b7489d159bac2.php]
[ Jan 17 2014 15:45:14 ] [var/ezdemo_site/cache/template/compiled/page_header_searchbox-3b664689b195829400adf6fb17eee88e.php]
[ Jan 17 2014 15:45:14 ] [var/ezdemo_site/cache/template/compiled/page_topmenu-7c86cb652137f893922b4175732a2eb8.php]
[ Jan 17 2014 15:45:15 ] [var/ezdemo_site/cache/template/compiled/double_top-eba76c193abc54a6698e294d42b0b198.php]
[ Jan 17 2014 15:45:16 ] [var/ezdemo_site/cache/template/compiled/page_toppath-172ca1004db8941f0418f65bf6d381bf.php]
[ Jan 17 2014 15:45:16 ] [var/ezdemo_site/cache/template/compiled/path-6caba388ca63d5c9c783aa1fa67635e8.php]
[ Jan 17 2014 15:45:16 ] [var/ezdemo_site/cache/template/compiled/page_mainarea-769986484857634dadba32f309bdf2db.php]
[ Jan 17 2014 15:45:16 ] [var/ezdemo_site/cache/template/compiled/page_footer-68c4ee88adf8d1a7df3af8e5073e656d.php]
[ Jan 17 2014 15:45:16 ] [var/ezdemo_site/cache/template/compiled/address-1607dd74c1db6981d291c2040ae3d42b.php]
[ Jan 17 2014 15:45:16 ] [var/ezdemo_site/cache/template/compiled/paragraph-14c6ee7be7518c996db857143bdc43dd.php]
[ Jan 17 2014 15:45:17 ] [var/ezdemo_site/cache/template/compiled/link-ce206e158770ae7ae2183fc448f3cd4c.php]
[ Jan 17 2014 15:45:17 ] [var/ezdemo_site/cache/template/compiled/latest_news-723ed362801e7c95a40263ab331019b0.php]
[ Jan 17 2014 15:45:17 ] [var/ezdemo_site/cache/template/compiled/links-09fbfca2d5d8e44bd57e41131f28d5dc.php]
[ Jan 17 2014 15:45:17 ] [var/ezdemo_site/cache/template/compiled/li-4745973156c34b99f6375cfd9a7f846e.php]
[ Jan 17 2014 15:45:18 ] [var/ezdemo_site/cache/template/compiled/ul-1645ea585869a4e130388f514a5dcb86.php]
[ Jan 17 2014 15:45:18 ] [var/ezdemo_site/cache/template/compiled/page_footer_script-8559c37d59bcccd69a81a183f7f0a3af.php]
[ Jan 17 2014 15:57:26 ] [I:\xampp\htdocs\testezp\ezpublish_legacy\lib\ezutils\classes/../../../var/cache/ini/fetchalias-cec0a35eaab6e593b879a0bbfea6615f.php]
[ Jan 17 2014 15:57:27 ] [var/ezdemo_site/cache/template/compiled/folder-72f161ebdf3da1968d2f5ea137671eaa.php]
[ Jan 17 2014 15:57:28 ] [var/ezdemo_site/cache/template/compiled/ezstring-5d5c5f098c387955b084b98b31f1f752.php]
[ Jan 17 2014 15:57:28 ] [var/ezdemo_site/cache/template/compiled/ezkeyword-7c0cd751a1a6c59416bc0b833e2797df.php]
[ Jan 17 2014 15:57:29 ] [var/ezdemo_site/cache/template/compiled/product-a009228b2e83fbf344602c65dd291ff3.php]
[ Jan 17 2014 15:57:29 ] [var/ezdemo_site/cache/template/compiled/ezmultioption-7483948d17f22db7226842f72130d130.php]
[ Jan 17 2014 15:57:30 ] [var/ezdemo_site/cache/template/compiled/ezprice-470d3c17c523d34694c3ef0b771e9133.php]
[ Jan 17 2014 15:57:30 ] [var/ezdemo_site/cache/template/compiled/header-476868f7b14c02c1bf896b1b86a2d210.php]
[ Jan 17 2014 15:57:31 ] [var/ezdemo_site/cache/template/compiled/google-aa64db153b23cca4720a80e62bbb073c.php]
[ Jan 17 2014 16:00:48 ] [var/ezdemo_site/cache/template/compiled/article-fa654a36189100886db46347984ae7a3.php]
[ Jan 17 2014 16:00:49 ] [var/ezdemo_site/cache/template/compiled/ezauthor-5b9ceffad0d1276c306d1cee8b387202.php]
[ Jan 17 2014 16:01:32 ] [var/ezdemo_site/cache/template/compiled/blog-07257acfe513aedeb5bc5370853b3353.php]
[ Jan 17 2014 16:01:32 ] [var/ezdemo_site/cache/sortkey_22a024ef61a043c571e9118e053cfdcb.php]
[ Jan 17 2014 16:01:32 ] [var/ezdemo_site/cache/template/compiled/blog_post-2d87d0ddca3749c0176c7edad55af011.php]
[ Jan 17 2014 16:01:33 ] [var/ezdemo_site/cache/template/compiled/embed-0577cc281f559166de9a210e64531451.php]
[ Jan 17 2014 16:01:33 ] [var/ezdemo_site/cache/template/compiled/image-3146c9821fbe34c22577e1e3cdd2fee2.php]
[ Jan 17 2014 16:01:34 ] [var/ezdemo_site/cache/template/compiled/extra_info-f65ce4c8cd33fd96ca5f5714fb09bfae.php]
[ Jan 17 2014 16:01:35 ] [var/ezdemo_site/cache/template/compiled/calendar-00aedbf8d6c50e7a01dd03b5bd5bd4c1.php]
[ Jan 17 2014 16:10:54 ] [var/ezdemo_site/cache/template/compiled/feedback_form-9f0cbac2bf5f7fa3cba1c83abb35fd4a.php]
[ Jan 17 2014 16:10:54 ] [var/ezdemo_site/cache/template/compiled/collectedinfo_validation-836a36eb772b7cb39e1d767cf69413cb.php]
[ Jan 17 2014 16:10:54 ] [var/ezdemo_site/cache/template/compiled/ezstring_feedback_form-3297f0a30dea3d71a02b777b975ed410.php]
[ Jan 17 2014 16:10:54 ] [var/ezdemo_site/cache/template/compiled/ezemail_feedback_form-fca17bb9a8b6a4147624c83ea69d3802.php]
[ Jan 17 2014 16:10:55 ] [var/ezdemo_site/cache/template/compiled/ezcountry-4ac970574050d267582e8e442aab6acc.php]
[ Jan 17 2014 16:10:55 ] [I:\xampp\htdocs\testezp\ezpublish_legacy\lib\ezutils\classes/../../../var/cache/ini/country-64ba1bd845738265e740b346bfe1f385.php]
[ Jan 17 2014 16:10:56 ] [var/ezdemo_site/cache/template/compiled/eztext_feedback_form-2c3f6efac066516bb70d320ad9125a43.php]
[ Jan 17 2014 16:10:56 ] [var/ezdemo_site/cache/template/compiled/page_extramenu-dea48e212008d3d90d0e64423ad7d076.php]
[ Jan 17 2014 16:10:57 ] [var/ezdemo_site/cache/template/compiled/extra_info-777d1439cb4836bdd930bd8da05f9181.php]
[ Jan 17 2014 16:11:31 ] [var/ezdemo_site/cache/template/compiled/2zoneslayout2-543bee84be328ac17e8ced3069ee0440.php]
[ Jan 17 2014 16:11:31 ] [var/ezdemo_site/cache/template/compiled/highlighted_item-51841f715e7e65d69bdfde365ecc0dd9.php]
[ Jan 17 2014 16:11:32 ] [var/ezdemo_site/cache/template/compiled/content_grid_1col_4rows-6f932b51f611a6727ba78f6a74482bdc.php]
[ Jan 17 2014 16:11:37 ] [var/ezdemo_site/cache/template/compiled/sitemap-173ad3a1433de86249fe60d7d26d2f9c.php]
[ Jan 17 2014 16:28:30 ] [var/ezdemo_site/cache/template/compiled/blog_post-fbb1fa846f12469a2f5100797ffb5461.php]
[ Jan 17 2014 16:28:30 ] [I:\xampp\htdocs\testezp\ezpublish_legacy\lib\ezutils\classes/../../../var/cache/ini/ezcomments-48af3b20c0fa88380642a98293a48dc5.php]
[ Jan 17 2014 16:28:31 ] [var/ezdemo_site/cache/template/compiled/ezcomcomments-c3e6eeefbc99799aa588d64a82d37df0.php]
[ Jan 17 2014 16:28:31 ] [var/ezdemo_site/cache/template/compiled/related_content-5a6eb2c2a25defd6517065fa242352e4.php]
[ Jan 17 2014 16:29:34 ] [var/ezdemo_site/cache/template/compiled/register-c0a0d6a27c9119bc1b1d904d06aeab85.php]
[ Jan 17 2014 16:29:34 ] [var/ezdemo_site/cache/template/compiled/ezstring-f9d6cc277eced5bbdcd3c8cbfa3c2476.php]
[ Jan 17 2014 16:29:34 ] [var/ezdemo_site/cache/template/compiled/ezuser-6645c8d03db0476f7c09eea6d9a36bb4.php]
[ Jan 17 2014 16:29:35 ] [var/ezdemo_site/cache/template/compiled/eztext-b7e3814d1f7e7cb25abd906c8d64a581.php]
[ Jan 17 2014 16:29:35 ] [I:\xampp\htdocs\testezp\ezpublish_legacy\lib\ezutils\classes/../../../var/cache/ini/units-dd4376e5084f395f5a1e487945b9bbae.php]
[ Jan 17 2014 16:29:35 ] [var/ezdemo_site/cache/template/compiled/ezimage-57cf4f5fd5673ffa39b09ee5174fc200.php]
[ Jan 17 2014 16:29:35 ] [var/ezdemo_site/cache/template/compiled/gui-a1ff0937693b8165f16c1b2a4002937e.php]
[ Jan 17 2014 16:44:32 ] [var/ezdemo_site/cache/template/compiled/tagcloud-09700e3129ae1e4d458de54fdd8e1c66.php]
[ Jan 17 2014 16:44:43 ] [I:\xampp\htdocs\testezp\ezpublish_legacy\lib\ezutils\classes/../../../var/cache/ini/transform-f6703a4eab72d3bb0d07be03753c65b2.php]
[ Jan 17 2014 16:44:44 ] [var/ezdemo_site/cache/codepages/36e48c5d322c489dd3ee4e51ffda1494.php]
[ Jan 17 2014 16:44:50 ] [var/ezdemo_site/cache/trans/g-search-1924056142-utf-8.ctt.php]
[ Jan 17 2014 16:44:52 ] [var/ezdemo_site/cache/template/compiled/search-136b5073e44ea95d1eb95a882546fe96.php]
[ Jan 17 2014 16:46:21 ] [var/ezdemo_site/cache/template/compiled/keyword-2d5fecba63d2af01d7dab1bd6c597646.php]
[ Jan 17 2014 16:46:23 ] [var/ezdemo_site/cache/trans/g-lowercase-635518252-utf-8.ctt.php]
[ Jan 17 2014 16:46:45 ] [var/ezdemo_site/cache/template/compiled/article-6163d2970ea5e650b48eea0bac837b89.php]
[ Jan 17 2014 16:46:47 ] [var/ezdemo_site/cache/template/compiled/ezsrrating-fc793516cea8882cd320c876f488192a.php]
[ Jan 17 2014 16:46:47 ] [var/ezdemo_site/cache/template/compiled/social_buttons-481d874da412085e3a85ae32b7725056.php]
[ Jan 17 2014 16:46:47 ] [I:\xampp\htdocs\testezp\ezpublish_legacy\lib\ezutils\classes/../../../var/cache/ini/ezgmaplocation-5b00a81936155d1703f25edb463553ad.php]
[ Jan 17 2014 16:46:47 ] [var/ezdemo_site/cache/template/compiled/ezgmaplocation_article-1dd17676c6929159389cc3a5aa0e75d6.php]
[ Jan 17 2014 17:08:00 ] [var/ezdemo_site/cache/template/compiled/landing_page-e82fee561e024f1a9ec47bf6000e9653.php]
[ Jan 17 2014 17:08:00 ] [var/ezdemo_site/cache/template/compiled/ezpage-a94c89f9c1c2208539e3161dd2a0153c.php]
[ Jan 17 2014 17:08:01 ] [var/ezdemo_site/cache/template/compiled/2zoneslayout1-6871640c811f88d3aeda963d7297af86.php]
[ Jan 17 2014 17:08:01 ] [var/ezdemo_site/cache/template/compiled/zone_block-02e99ebbc25cd9173a9fe1b6bb666621.php]
[ Jan 17 2014 17:08:01 ] [var/ezdemo_site/cache/template/compiled/zone_block_top-597f7b9465581a9ccc5da24060adcb96.php]
[ Jan 17 2014 17:08:01 ] [var/ezdemo_site/cache/template/compiled/content_grid_2cols_2rows-db1c6b977ffd6167a08b1d74fd4116a3.php]
[ Jan 17 2014 17:08:01 ] [var/ezdemo_site/cache/template/compiled/article-9f545e7e9a688934e360db67a39c4c65.php]
[ Jan 17 2014 17:08:02 ] [var/ezdemo_site/cache/template/compiled/ezimage-6828c16db4f0ec8257836c1f6ab73766.php]
[ Jan 17 2014 17:08:02 ] [var/ezdemo_site/cache/template/compiled/ezxmltext-cb52b725e2001ac58c288ca617094b1e.php]
[ Jan 17 2014 17:08:03 ] [var/ezdemo_site/cache/template/compiled/paragraph-3a021bd9157476b0443fac6cd8db81bd.php]
[ Jan 17 2014 17:08:03 ] [var/ezdemo_site/cache/template/compiled/zone_block_bottom-5a8787a8c2487bc1f2dd9f897160f953.php]
[ Jan 17 2014 17:08:03 ] [var/ezdemo_site/cache/template/compiled/content_grid_1col_2rows-6617dff8403fcbc234f4756674dce8fa.php]
[ Jan 17 2014 17:08:03 ] [var/ezdemo_site/cache/template/compiled/product-371d33cbdc4382e829a1ceee893a3b30.php]
[ Jan 17 2014 17:08:04 ] [var/ezdemo_site/cache/template/compiled/video-404c1634235b29383832e1f1541065b7.php]
[ Jan 17 2014 17:08:05 ] [var/ezdemo_site/cache/template/compiled/pagelayout-f8e52ca31bf110478786607e782f6e63.php]
[ Jan 17 2014 17:08:05 ] [var/ezdemo_site/cache/template/compiled/page_head_displaystyles-9b2a03e54dd6209063897d59aeff665e.php]
[ Jan 17 2014 17:08:05 ] [var/ezdemo_site/cache/template/compiled/page_mainarea-95459f88cfefe425bfe5d0932da3f042.php]
[ Jan 17 2014 17:08:10 ] [var/ezdemo_site/cache/template/compiled/20-e54719abfd890ede8d82b238b7f12483.php]
[ Jan 17 2014 17:08:11 ] [var/ezdemo_site/cache/template/compiled/pagelayout-13558cb2f89bcdd60a39a4646664036f.php]
[ Jan 17 2014 17:08:11 ] [var/ezdemo_site/cache/template/compiled/page_head_displaystyles-9484f22c8f33f7e2b3e878a3acaecbc8.php]
[ Jan 17 2014 17:08:11 ] [var/ezdemo_site/cache/template/compiled/page_mainarea-7ac923c38f198d7c04ab7c192fdd54a5.php]
[ Jan 17 2014 17:08:58 ] [var/ezdemo_site/cache/template/compiled/landing_page-8e19ee8042c376391b14ce3fb074e5b8.php]
[ Jan 17 2014 17:08:58 ] [var/ezdemo_site/cache/template/compiled/ezpage-8ff334b3b1d1f194f887d2fb0faa57ab.php]
[ Jan 17 2014 17:08:58 ] [var/ezdemo_site/cache/template/compiled/2zoneslayout1-80f3a48c758facfcc681cb060bd1a28f.php]
[ Jan 17 2014 17:08:59 ] [var/ezdemo_site/cache/template/compiled/zone_block-09e1383bf8f0eede9ea443b53cda378c.php]
[ Jan 17 2014 17:08:59 ] [var/ezdemo_site/cache/template/compiled/zone_block_top-6d3a24d06a9e49cdc5b3ab43e494413a.php]
[ Jan 17 2014 17:08:59 ] [var/ezdemo_site/cache/template/compiled/campaign-2b4ca63a7aa80cec3b012105b5eac6d1.php]
[ Jan 17 2014 17:08:59 ] [var/ezdemo_site/cache/template/compiled/article-e96fbf47ad50913e0a31336c4c58e035.php]
[ Jan 17 2014 17:08:59 ] [var/ezdemo_site/cache/template/compiled/ezxmltext-b090a574e988ff87b3eb1ae48eb255a6.php]
[ Jan 17 2014 17:08:59 ] [var/ezdemo_site/cache/template/compiled/line-8e29e142e532569748d309e705eadb92.php]
[ Jan 17 2014 17:09:00 ] [var/ezdemo_site/cache/template/compiled/paragraph-ac56b010238371d9a97991d1b2ff2ead.php]
[ Jan 17 2014 17:09:00 ] [var/ezdemo_site/cache/template/compiled/zone_block_bottom-3b1d16736dc12c5972bfbf5f16ce6cb4.php]
[ Jan 17 2014 17:09:00 ] [var/ezdemo_site/cache/template/compiled/content_grid_2cols_2rows-7f5b40ea6a0085a85943b1914af4aacc.php]
[ Jan 17 2014 17:09:00 ] [var/ezdemo_site/cache/template/compiled/article-9d5c0c8610f3a64e7be4ce9edd6b627e.php]
[ Jan 17 2014 17:09:01 ] [var/ezdemo_site/cache/template/compiled/ezimage-bba201d1cce255fa232a806d1999b290.php]
[ Jan 17 2014 17:09:02 ] [var/ezdemo_site/cache/template/compiled/gallery-3cd95b5b79eef3c546752c28ef4702a3.php]
[ Jan 17 2014 17:09:02 ] [var/ezdemo_site/cache/template/compiled/gallery_viewer-0562a3721c98dfd8b0319427367764ef.php]
[ Jan 17 2014 17:09:02 ] [var/ezdemo_site/cache/template/compiled/link-124bea36eaf09b8f59bd3b48836907b6.php]
[ Jan 17 2014 17:09:02 ] [var/ezdemo_site/cache/template/compiled/gallery_item-8d623e9f6abd004a61949ca14778da37.php]
[ Jan 17 2014 17:09:04 ] [var/ezdemo_site/cache/template/compiled/content_grid_1col_2rows-2b8ceddadb5412fe882f355c38325bb2.php]
[ Jan 17 2014 17:09:04 ] [var/ezdemo_site/cache/template/compiled/call_to_action-46a9108fb44d0d30c3defe8751ab76d9.php]
[ Jan 17 2014 17:09:04 ] [var/ezdemo_site/cache/template/compiled/product-8299f1885242dc23adeee748b3f60983.php]
[ Jan 17 2014 17:09:04 ] [var/ezdemo_site/cache/template/compiled/feed_reader-2d09c62d3bcc2697a4ff83d14b3d831b.php]
[ Jan 17 2014 17:09:08 ] [var/ezdemo_site/cache/template/compiled/video-b6019149e81d1ec1456dbb8c8825f0e6.php]
[ Jan 17 2014 17:09:08 ] [var/ezdemo_site/cache/template/compiled/tag_cloud-e8e03d1b9293f3095ddedcef681cc089.php]
[ Jan 17 2014 17:09:08 ] [var/ezdemo_site/cache/template/compiled/tagcloud-e14d1ddf2e9b20654e564e95f220e4fc.php]
[ Jan 17 2014 17:09:08 ] [var/ezdemo_site/cache/template/compiled/page_head-c9de98c05236d409a050d2408cbdad58.php]
[ Jan 17 2014 17:09:09 ] [var/ezdemo_site/cache/template/compiled/canonical_link-814423e98296a3f589544eeba5bd7b35.php]
[ Jan 17 2014 17:09:09 ] [var/ezdemo_site/cache/template/compiled/link-e1898855d5557568f12778620aaecac1.php]
[ Jan 17 2014 17:09:09 ] [var/ezdemo_site/cache/template/compiled/page_head_style-115e751dd9a6fceb9eae26a65c9cf441.php]
[ Jan 17 2014 17:09:09 ] [var/ezdemo_site/cache/template/compiled/page_head_script-253083aa55fff5753b196c9ad72adee1.php]
[ Jan 17 2014 17:09:09 ] [var/ezdemo_site/cache/template/compiled/page_header-99cb2e0c7d4d5382e7eaa73627edd2d7.php]
[ Jan 17 2014 17:09:10 ] [var/ezdemo_site/cache/template/compiled/page_header_languages-4a5c087c6dc31a92f88e56681ec7d368.php]
[ Jan 17 2014 17:09:10 ] [var/ezdemo_site/cache/template/compiled/page_header_links-94feba4f34e29e397289247a56ae0caf.php]
[ Jan 17 2014 17:09:10 ] [var/ezdemo_site/cache/template/compiled/page_header_logo-d7c82394986c72ffa9831863b9a5e939.php]
[ Jan 17 2014 17:09:10 ] [var/ezdemo_site/cache/template/compiled/page_header_searchbox-147f5cf19edc348c160f338b42c343d6.php]
[ Jan 17 2014 17:09:10 ] [var/ezdemo_site/cache/template/compiled/page_topmenu-328953f8da49f6acc56051776ad1aba9.php]
[ Jan 17 2014 17:09:11 ] [var/ezdemo_site/cache/template/compiled/double_top-ff04f2ac20cc5d4dfe04c2d4a3d2fc60.php]
[ Jan 17 2014 17:09:11 ] [var/ezdemo_site/cache/template/compiled/page_toppath-537fe8d1f9db42ef3d19a9b50f7a9bb8.php]
[ Jan 17 2014 17:09:11 ] [var/ezdemo_site/cache/template/compiled/path-5358de0c844eac1bde173cfe0c828cbd.php]
[ Jan 17 2014 17:09:11 ] [var/ezdemo_site/cache/template/compiled/page_footer-78d7e66b167e0a81f678aeaf561651ac.php]
[ Jan 17 2014 17:09:11 ] [var/ezdemo_site/cache/template/compiled/address-1eb9887ae8d399eafeb965279bda2700.php]
[ Jan 17 2014 17:09:12 ] [var/ezdemo_site/cache/template/compiled/latest_news-aecc442ff790757123e3829b7b5e000b.php]
[ Jan 17 2014 17:09:12 ] [var/ezdemo_site/cache/template/compiled/links-9690604b5a2bf44e357b9977a8f2c1f4.php]
[ Jan 17 2014 17:09:12 ] [var/ezdemo_site/cache/template/compiled/li-397ff9667b684ed350cf191210eefaff.php]
[ Jan 17 2014 17:09:12 ] [var/ezdemo_site/cache/template/compiled/ul-359a92ebc846d5d3f813e69f969fd61d.php]
[ Jan 17 2014 17:09:12 ] [var/ezdemo_site/cache/template/compiled/page_footer_script-e6fb07a30885dfcaea4ae5c4b42f2904.php]
[ Jan 17 2014 17:10:10 ] [var/ezdemo_site/cache/template/compiled/campaign-4cd9a0ddf9fd4dbb214e6bed7e26cd9b.php]
[ Jan 17 2014 17:10:10 ] [var/ezdemo_site/cache/template/compiled/article-2d2a0aad31bca22f33954bbffe85f3ae.php]
[ Jan 17 2014 17:10:10 ] [var/ezdemo_site/cache/template/compiled/line-44a4c8aef96b8df4d8ee0369e77f8b8f.php]
[ Jan 17 2014 17:10:12 ] [var/ezdemo_site/cache/template/compiled/gallery-ee04090429de4b6a90f715ffb627a5d7.php]
[ Jan 17 2014 17:10:12 ] [var/ezdemo_site/cache/template/compiled/gallery_viewer-351d99d0929e0dc9be5bf076eef6411d.php]
[ Jan 17 2014 17:10:12 ] [var/ezdemo_site/cache/template/compiled/link-1c72d897202f141504a2f846e0c133fd.php]
[ Jan 17 2014 17:10:13 ] [var/ezdemo_site/cache/template/compiled/gallery_item-2a7c0cd787ba828ce047aa1d2aca765e.php]
[ Jan 17 2014 17:10:13 ] [var/ezdemo_site/cache/template/compiled/call_to_action-3820acc4cc6556465afe36555cea8b48.php]
[ Jan 17 2014 17:10:14 ] [var/ezdemo_site/cache/template/compiled/feed_reader-754700e512aedac01f3b6ce3f25aaff7.php]
[ Jan 17 2014 17:10:14 ] [var/ezdemo_site/cache/template/compiled/tag_cloud-05c4b909e62e99bfb95c1fece0847621.php]
[ Jan 17 2014 17:10:14 ] [var/ezdemo_site/cache/template/compiled/tagcloud-ecac091b56caccab694519d202d88df2.php]
[ Jan 17 2014 17:14:11 ] [var/ezdemo_site/cache/template/compiled/forgotpassword-8e41a328b6ac83b7017537cbf6cdb7a9.php]
[ Jan 17 2014 17:15:40 ] [var/ezdemo_site/cache/template/compiled/tagcloud-4689fff0afba6851338d45ea928c3494.php]
[ Jan 17 2014 17:23:35 ] [I:\xampp\htdocs\testezp\ezpublish_legacy\lib\ezutils\classes/../../../var/cache/ini/shop-05d6cd614dbebeb7af0f930d41affdc1.php]
[ Jan 17 2014 17:23:35 ] [var/ezdemo_site/cache/template/compiled/product-482c329fdb9f36f1c39c55c84948c588.php]
[ Jan 17 2014 17:24:02 ] [var/ezdemo_site/cache/template/compiled/login-406f168ec348a874dfa616c77f5d0a30.php]
[ Jan 17 2014 17:24:02 ] [var/ezdemo_site/cache/template/compiled/1-9d0315ee4d68150fe3327e73839b789f.php]
[ Jan 17 2014 17:25:06 ] [I:\xampp\htdocs\testezp\ezpublish_legacy\lib\ezutils\classes/../../../var/cache/ini/audit-2477da25e3d9b6f4334d30f53f8c2cab.php]
[ Jan 17 2014 17:28:10 ] [var/ezdemo_site/cache/trans/g-urlalias-1350215278-utf-8.ctt.php]
[ Jan 17 2014 17:28:10 ] [var/ezdemo_site/storage/images-versioned/631/1-eng-GB/mourad-lassoued1.png]
[ Jan 17 2014 17:28:56 ] [var/ezdemo_site/cache/template/compiled/page_toolbar-d310ec4f1fe641f0be7fa1adfe1200e3.php]
[ Jan 17 2014 17:28:56 ] [I:\xampp\htdocs\testezp\ezpublish_legacy\lib\ezutils\classes/../../../var/cache/ini/websitetoolbar-d5894bf3e66e22cca2316e3c2d3b4ec4.php]
[ Jan 17 2014 17:28:57 ] [var/ezdemo_site/cache/template/compiled/website_toolbar-8e94f442d2c2d82a9efa6a8effae4b26.php]
[ Jan 17 2014 17:28:57 ] [var/ezdemo_site/cache/template/compiled/logo-f398b38f94f67426b9bdf9b73385ee29.php]
[ Jan 17 2014 17:28:57 ] [var/ezdemo_site/cache/template/compiled/object_states-1f797c02c8f8204672e779efb6eba21f.php]
[ Jan 17 2014 17:28:58 ] [var/ezdemo_site/cache/template/compiled/link-4e63cf9e0a83e707928087543c5079b5.php]
[ Jan 17 2014 17:28:58 ] [I:\xampp\htdocs\testezp\ezpublish_legacy\lib\ezutils\classes/../../../var/cache/ini/timeline-25ba2d208c5b45c8543f02f2cf7c73ac.php]
[ Jan 17 2014 17:28:58 ] [var/ezdemo_site/cache/template/compiled/timeline-cb528436220529b04d0753f0001dea33.php]
[ Jan 17 2014 17:28:58 ] [var/ezdemo_site/cache/template/compiled/push-8b76f2e3d2db30cb83bde9dcb4186949.php]
[ Jan 17 2014 17:28:58 ] [var/ezdemo_site/cache/template/compiled/rss-0561fbb6812daf481c3980100e563ccd.php]
[ Jan 17 2014 17:28:58 ] [I:\xampp\htdocs\testezp\ezpublish_legacy\lib\ezutils\classes/../../../var/cache/ini/ezmultiupload-77f62f99a953b8af7e73bf334ae584a6.php]
[ Jan 17 2014 17:28:58 ] [var/ezdemo_site/cache/template/compiled/ezmultiupload-db2c22031f8bd6867a3305252a591eff.php]
[ Jan 17 2014 17:28:58 ] [var/ezdemo_site/cache/template/compiled/help-a1e06eeef1dcb23e7bccb58f0293547d.php]
[ Jan 17 2014 17:28:58 ] [var/ezdemo_site/cache/template/compiled/floating_toolbar-3feb08baf8cfdcd3cf4d97e59fa712e3.php]
[ Jan 17 2014 17:30:18 ] [var/ezdemo_site/cache/template/compiled/basket-d7dc7684edbc73b058738b473b3c2650.php]
[ Jan 17 2014 17:32:04 ] [I:\xampp\htdocs\testezp\ezpublish_legacy\lib\ezutils\classes/../../../var/cache/ini/shopaccount-39c85ada19a0a4de208e4d18a7ffa3f8.php]
[ Jan 17 2014 17:32:06 ] [var/ezdemo_site/cache/template/compiled/userregister-9a48897f124fa03c820939b7bbbf7ff5.php]
[ Jan 17 2014 17:32:06 ] [var/ezdemo_site/cache/template/compiled/edit-64b09989b2852ef328a6b185014553c3.php]
[ Jan 17 2014 17:33:00 ] [var/ezdemo_site/cache/template/compiled/confirmorder-4704d3ee1680152321cf9ea3e24dbf6d.php]
[ Jan 17 2014 17:33:00 ] [var/ezdemo_site/cache/template/compiled/ez-f66f9280f5932be2d419ac144c0b1c09.php]
[ Jan 17 2014 17:33:23 ] [var/ezdemo_site/cache/template/compiled/orderemail-256d19b437c485bafb5abaa508bb2037.php]
[ Jan 17 2014 17:33:24 ] [var/ezdemo_site/cache/template/compiled/ez-b00171e39611e481c3b4bc7ed2c6e049.php]
[ Jan 17 2014 17:33:28 ] [var/ezdemo_site/cache/template/compiled/orderview-273c475cf7fd339c0075f83ebdccb2fe.php]
[ Jan 17 2014 17:34:55 ] [var/ezdemo_site/cache/template/compiled/orderlist-7766b035f1036676c2e8772ae32850d8.php]
[ Jan 17 2014 17:34:55 ] [var/ezdemo_site/cache/template/compiled/button-da13ef479344e1415e93390a9167be62.php]
[ Jan 17 2014 17:35:22 ] [var/ezdemo_site/cache/template/compiled/edit-34517fb23161e60c5242ee681d706253.php]
[ Jan 17 2014 17:36:10 ] [var/ezdemo_site/cache/template/compiled/customerorderview-ba8e5ae80b1d0ea1ba7fd61c82f8b516.php]
[ Jan 17 2014 17:36:10 ] [var/ezdemo_site/cache/template/compiled/text_linked-ddf367865cb579c54e3c31995eb56f79.php]
[ Jan 17 2014 17:49:10 ] [I:\xampp\htdocs\testezp\ezpublish_legacy\lib\ezutils\classes/../../../var/cache/ini/audit-5c18458554ca8724741e133dffede60a.php]
[ Jan 17 2014 17:49:11 ] [I:\xampp\htdocs\testezp\ezpublish_legacy\lib\ezutils\classes/../../../var/cache/ini/workflow-0f912540ff8d2ff467aa9e5010d434f7.php]
[ Jan 17 2014 17:49:13 ] [var/ezdemo_site/cache/template/compiled/full-f475c3a6dc0951108d309826173fd7e8.php]
[ Jan 17 2014 17:49:13 ] [var/ezdemo_site/cache/template/compiled/infocollection_validation-d519201c6fcf6789876cd97da6717139.php]
[ Jan 17 2014 17:49:13 ] [I:\xampp\htdocs\testezp\ezpublish_legacy\lib\ezutils\classes/../../../var/cache/ini/icon-571bd36884b713df2bda2d4622cbe6dc.php]
[ Jan 17 2014 17:49:13 ] [I:\xampp\htdocs\testezp\ezpublish_legacy\lib\ezutils\classes/../../../var/cache/ini/icon-3426075840782b569095fafb69ce724e.php]
[ Jan 17 2014 17:49:13 ] [I:\xampp\htdocs\testezp\ezpublish_legacy\lib\ezutils\classes/../../../var/cache/ini/icon-7ab483d2dbdfc16880941d949da629ef.php]
[ Jan 17 2014 17:49:13 ] [I:\xampp\htdocs\testezp\ezpublish_legacy\lib\ezutils\classes/../../../var/cache/ini/admininterface-4c7a1750fc69cca3da663bcb58966d13.php]
[ Jan 17 2014 17:49:14 ] [var/ezdemo_site/cache/template/compiled/window_controls-a3738bb119f5b294b7ae582d4ae02c58.php]
[ Jan 17 2014 17:49:14 ] [var/ezdemo_site/cache/template/compiled/window_controls_extratabs-3db0605f9e4286036fd9b44a5a78b6f4.php]
[ Jan 17 2014 17:49:14 ] [var/ezdemo_site/cache/template/compiled/windows-d888b0a60d7500127bd57af963d71717.php]
[ Jan 17 2014 17:49:14 ] [var/ezdemo_site/cache/template/compiled/preview-98d1f04eac74f65f7b24fe6435952113.php]
[ Jan 17 2014 17:49:15 ] [var/ezdemo_site/cache/template/compiled/admin_preview-adad2865eb7462b43f987f69e5984b06.php]
[ Jan 17 2014 17:49:15 ] [var/ezdemo_site/cache/template/compiled/ezstring-1a4c2b760217aa71f0fa66e62c7f001f.php]
[ Jan 17 2014 17:49:15 ] [var/ezdemo_site/cache/template/compiled/ezpage-2aa01db3901eb21230515206731a52d1.php]
[ Jan 17 2014 17:49:15 ] [I:\xampp\htdocs\testezp\ezpublish_legacy\lib\ezutils\classes/../../../var/cache/ini/zone-bdf22d9e94077ad9c491fba690257b4c.php]
[ Jan 17 2014 17:49:15 ] [var/ezdemo_site/cache/template/compiled/2zoneslayout1-c31d563cf60c58a721316b7bbc1df996.php]
[ Jan 17 2014 17:49:15 ] [var/ezdemo_site/cache/template/compiled/zone_block-7feeefd23b28dc3404a2aa937cbabda5.php]
[ Jan 17 2014 17:49:15 ] [var/ezdemo_site/cache/template/compiled/zone_block_top-3be91d1d118ad0e83fa416f29066a650.php]
[ Jan 17 2014 17:49:15 ] [I:\xampp\htdocs\testezp\ezpublish_legacy\lib\ezutils\classes/../../../var/cache/ini/block-72c15beac81036a843dcce00eac26a63.php]
[ Jan 17 2014 17:49:15 ] [var/ezdemo_site/cache/template/compiled/view-1538b42a88c3ec299f93bb303dd30b7c.php]
[ Jan 17 2014 17:49:15 ] [var/ezdemo_site/cache/template/compiled/zone_block_bottom-9b0ffa0d5f2b877cd486e410f956fb3c.php]
[ Jan 17 2014 17:49:16 ] [var/ezdemo_site/cache/template/compiled/details-b8a870930f3a4f90a12ccd3e225ee620.php]
[ Jan 17 2014 17:49:16 ] [var/ezdemo_site/cache/template/compiled/translations-04e5bb2d22473fc87244439b142fb2c5.php]
[ Jan 17 2014 17:49:17 ] [var/ezdemo_site/cache/template/compiled/locations-e07b7054b1325593d14a632827edcf1b.php]
[ Jan 17 2014 17:49:17 ] [var/ezdemo_site/cache/template/compiled/relations-78380d3cf384a1cea62f99133e480827.php]
[ Jan 17 2014 17:49:18 ] [var/ezdemo_site/cache/template/compiled/google-94253941c6f9537119bb4de153d83397.php]
[ Jan 17 2014 17:49:18 ] [var/ezdemo_site/cache/template/compiled/ordering-bb2c62d004f31ec4a62407cb9949fd8c.php]
[ Jan 17 2014 17:49:18 ] [var/ezdemo_site/cache/template/compiled/windows_extratabs-84becbe13255577da7f7ad315de13a4f.php]
[ Jan 17 2014 17:49:18 ] [var/ezdemo_site/cache/template/compiled/children-d0815dd0a9f23e43de2dcba7a7ba8bff.php]
[ Jan 17 2014 17:49:19 ] [var/ezdemo_site/cache/template/compiled/children_detailed-828b775060305f3d307a5581a1f9dae6.php]
[ Jan 17 2014 17:49:19 ] [I:\xampp\htdocs\testezp\ezpublish_legacy\lib\ezutils\classes/../../../var/cache/ini/contentstructuremenu-34c0744e13e053f4e0f5f1e6b68c15a9.php]
[ Jan 17 2014 17:49:20 ] [var/ezdemo_site/cache/template/compiled/alphabetical-b19849f0b28eef6b5656e9ccc4585de7.php]
[ Jan 17 2014 17:49:20 ] [I:\xampp\htdocs\testezp\ezpublish_legacy\lib\ezutils\classes/../../../var/cache/ini/toolbar-5d6e52943f67df300a3904f3fcf0c993.php]
[ Jan 17 2014 17:49:21 ] [var/ezdemo_site/cache/template/compiled/pagelayout-3f1f9cb0a926c370bb302918fc1f1f0a.php]
[ Jan 17 2014 17:49:21 ] [var/ezdemo_site/cache/template/compiled/page_head-fbf0d5f390a89711512375ef680bb87d.php]
[ Jan 17 2014 17:49:21 ] [var/ezdemo_site/cache/template/compiled/canonical_link-0a3d469e4c7169252acd3ca936bc9016.php]
[ Jan 17 2014 17:49:21 ] [var/ezdemo_site/cache/template/compiled/link-f7f9f5a0b903e50a42fe11730185d06e.php]
[ Jan 17 2014 17:49:21 ] [var/ezdemo_site/cache/template/compiled/page_head_style-9eae69b5fb97a5409c5d9e2267936f74.php]
[ Jan 17 2014 17:49:21 ] [var/ezdemo_site/cache/template/compiled/page_head_style_inline-f5018eb4c42b688cc6414104dc300a7f.php]
[ Jan 17 2014 17:49:21 ] [var/ezdemo_site/cache/template/compiled/page_head_script-b54841a4b3076f8b9208b23f76e13c23.php]
[ Jan 17 2014 17:49:22 ] [var/ezdemo_site/cache/template/compiled/page_header-0664b75c4120ecbd25d9f466b5feb635.php]
[ Jan 17 2014 17:49:22 ] [var/ezdemo_site/cache/template/compiled/page_search-7d6ac516c81e8acbf409589d7d551ec2.php]
[ Jan 17 2014 17:49:22 ] [var/ezdemo_site/cache/template/compiled/page_topmenu-c7f31199433a8968eb4f442fe42a2c13.php]
[ Jan 17 2014 17:49:22 ] [var/ezdemo_site/cache/template/compiled/page_topmenuitem-fe754c8e5d5904fe864e700ca4c79d24.php]
[ Jan 17 2014 17:49:22 ] [var/ezdemo_site/cache/template/compiled/page_leftmenu-5f206c310c66234f6594348381518bac.php]
[ Jan 17 2014 17:49:23 ] [var/ezdemo_site/cache/template/compiled/menu-dfafc7a3e8fb31c19e11a73b4d335c26.php]
[ Jan 17 2014 17:49:23 ] [var/ezdemo_site/cache/template/compiled/content_structure_menu_dynamic-a87f5ffa2a7f10c546398ec90fb4d4fc.php]
[ Jan 17 2014 17:49:24 ] [var/ezdemo_site/cache/template/compiled/ini_menu-24dc6ed072fd331263db8ad7af08b22f.php]
[ Jan 17 2014 17:49:24 ] [var/ezdemo_site/cache/template/compiled/page_toppath-07ff4d0f99c05e02939bc396ecc1ec73.php]
[ Jan 17 2014 17:49:24 ] [var/ezdemo_site/cache/template/compiled/page_mainarea-609f0a84337e835ac09932f3c62d2bc7.php]
[ Jan 17 2014 17:49:24 ] [var/ezdemo_site/cache/template/compiled/page_copyright-dd3b0f53b44c3eb4f83ac3792f44434b.php]
[ Jan 17 2014 17:49:24 ] [var/ezdemo_site/cache/template/compiled/popup_menu-c6e8e596319286eaacffc703c0a4e85a.php]
[ Jan 17 2014 17:49:25 ] [var/ezdemo_site/cache/template/compiled/popup_context_menu-617d7a54522dbba49ab5823407e0247e.php]
[ Jan 17 2014 17:49:25 ] [var/ezdemo_site/cache/template/compiled/oocontextmenu-0ae2075ca6a0911f46c024c15da1c3da.php]
[ Jan 17 2014 17:49:25 ] [var/ezdemo_site/cache/template/compiled/ezflcontextmenu-7d722a6e83bf721ca957bcd9d5011c0b.php]
[ Jan 17 2014 17:49:25 ] [var/ezdemo_site/cache/template/compiled/ezmucontextmenu-feaf4270f83cbff7ccd5815fa4f06182.php]
[ Jan 17 2014 17:49:25 ] [var/ezdemo_site/cache/template/compiled/popup_subitems_menu-06e9c9ddd0affa19e06cb7aa31aed58c.php]
[ Jan 17 2014 17:49:25 ] [var/ezdemo_site/cache/template/compiled/oosubitemscontextmenu-aadf4598b64c699bc9ca25306f3a735b.php]
[ Jan 17 2014 17:49:25 ] [var/ezdemo_site/cache/template/compiled/ezflsubitemscontextmenu-58483070c827c84457ee533df1521c9e.php]
[ Jan 17 2014 17:49:25 ] [var/ezdemo_site/cache/template/compiled/ezmusubitemscontextmenu-d14cb7906802cd43c9f1616fcffebde6.php]
[ Jan 17 2014 17:49:25 ] [var/ezdemo_site/cache/template/compiled/popup_class_menu-a2ac26696a24c00976534234d874e452.php]
[ Jan 17 2014 17:49:25 ] [var/ezdemo_site/cache/template/compiled/popup_bookmark_menu-75ad3d1b37ef80b1b9a2dbf3cb7f5869.php]
[ Jan 17 2014 17:49:25 ] [var/ezdemo_site/cache/template/compiled/oocontextsubmenu-6e6a53c0827307fd8317b07c78a94679.php]
[ Jan 17 2014 17:49:25 ] [var/ezdemo_site/cache/template/compiled/ezflcontextsubmenu-0c4ca1b7ad74ae41e91e8b1b55da84a1.php]
[ Jan 17 2014 17:49:25 ] [var/ezdemo_site/cache/template/compiled/popup_tag_menu-74b75d5076a24e0d5dcba5bd95348fd5.php]
[ Jan 17 2014 17:49:26 ] [var/ezdemo_site/cache/template/compiled/popup_sub_createhere_menu-c49e2441aa5e71886fcae832c3d6ed89.php]
[ Jan 17 2014 17:49:26 ] [var/ezdemo_site/cache/template/compiled/popup_sub_edit_menu-12b6a162581923b18501afb082294055.php]
[ Jan 17 2014 17:49:26 ] [var/ezdemo_site/cache/template/compiled/popup_sub_advance_menu-a4b4aac4db48bd9379c73141383fb84d.php]
[ Jan 17 2014 17:49:26 ] [var/ezdemo_site/cache/template/compiled/popup_sub_editclass_menu-da77ea6d76a385d5906d19777609f2cf.php]
[ Jan 17 2014 17:49:26 ] [var/ezdemo_site/cache/template/compiled/popup_sub_siteaccess_menus-7514602369cb263f049159f2ca470811.php]
[ Jan 17 2014 17:49:56 ] [I:\xampp\htdocs\testezp\ezpublish_legacy\lib\ezutils\classes/../../../var/cache/ini/eztags-326e2b8d10703b01d1263c16580b63b4.php]
[ Jan 17 2014 17:49:57 ] [var/ezdemo_site/cache/template/compiled/dashboard-4d59e22ac194f4145a4834cbbeaee092.php]
[ Jan 17 2014 17:49:58 ] [var/ezdemo_site/cache/template/compiled/latest_tags-141eeee6e36804aaf97100af8accf0ba.php]
[ Jan 17 2014 17:50:05 ] [var/ezdemo_site/cache/statelimitations_22a024ef61a043c571e9118e053cfdcb.php]
[ Jan 17 2014 17:50:05 ] [I:\xampp\htdocs\testezp\ezpublish_legacy\lib\ezutils\classes/../../../var/cache/ini/dashboard-a3e7bbb15eac490741d647e8af17a0cb.php]
[ Jan 17 2014 17:50:06 ] [var/ezdemo_site/cache/template/compiled/dashboard-1ee044100e95ee9453422153e83f2708.php]
[ Jan 17 2014 17:50:06 ] [var/ezdemo_site/cache/template/compiled/maintenance-34bc57109fe7685e81ed6268c56c8a1b.php]
[ Jan 17 2014 17:50:07 ] [var/ezdemo_site/cache/template/compiled/pending_list-0cdb000390432d65a68ee7f20d1012dd.php]
[ Jan 17 2014 17:50:07 ] [var/ezdemo_site/cache/template/compiled/drafts-7803486dd96d567fae669afe06128601.php]
[ Jan 17 2014 17:50:07 ] [var/ezdemo_site/cache/template/compiled/all_latest_content-b46d140d351af08acd38a947a636ec93.php]
[ Jan 17 2014 17:50:07 ] [var/ezdemo_site/cache/template/compiled/latest_content-5552dbbe04ab944cd304cc44e5f1060d.php]
[ Jan 17 2014 17:50:08 ] [var/ezdemo_site/cache/template/compiled/community_activity-a7499c4afe019aa81108ec8885efce43.php]
[ Jan 17 2014 17:50:08 ] [var/ezdemo_site/cache/template/compiled/menu-1e77c319176f98504b83c73fa07f13d9.php]
[ Jan 17 2014 17:50:10 ] [I:\xampp\htdocs\testezp\ezpublish_legacy\lib\ezutils\classes/../../../var/cache/ini/template-c6ee29cf29032e5b4d98caef606d8fbd.php]
[ Jan 17 2014 17:52:07 ] [var/ezdemo_site/cache/template/compiled/login-a618fd04c083a8179e0430abdea9ce93.php]
[ Jan 17 2014 17:52:08 ] [var/ezdemo_site/cache/template/compiled/loginpagelayout-9347f9b5f6e40abd0638f8cb78835dad.php]
[ Jan 17 2014 17:52:08 ] [var/ezdemo_site/cache/template/compiled/page_mainarea-47135c6f1009ecb0c707ce76a7e0e51f.php]
[ Jan 17 2014 17:52:08 ] [var/ezdemo_site/cache/template/compiled/page_login_copyright-8482d44addef98d592e1d2c5ab154f1f.php]
[ Jan 17 2014 17:52:21 ] [var/ezdemo_site/cache/template/compiled/dashboard-b17ea25afeaa20d8766246ca7ade1425.php]
[ Jan 17 2014 17:52:21 ] [var/ezdemo_site/cache/template/compiled/maintenance-fd666d6ec88d0511ade4675b0144bb6f.php]
[ Jan 17 2014 17:52:22 ] [var/ezdemo_site/cache/template/compiled/pending_list-4c47a017d15526c52ffcfd79dbd6c662.php]
[ Jan 17 2014 17:52:22 ] [var/ezdemo_site/cache/template/compiled/drafts-e6f41e0df32d09c5c475d3ce4cf31f81.php]
[ Jan 17 2014 17:52:22 ] [var/ezdemo_site/cache/template/compiled/all_latest_content-d519c8c410b6432f76384f3e4a92349d.php]
[ Jan 17 2014 17:52:22 ] [var/ezdemo_site/cache/template/compiled/latest_content-265fc931f084814a31031269239ff73e.php]
[ Jan 17 2014 17:52:22 ] [var/ezdemo_site/cache/template/compiled/community_activity-90e99cb659ffaca0e12a9b51437eae5a.php]
[ Jan 17 2014 17:52:23 ] [var/ezdemo_site/cache/template/compiled/pagelayout-bf1dfe50a634aa289f4bf7cb3740b3f8.php]
[ Jan 17 2014 17:52:23 ] [var/ezdemo_site/cache/template/compiled/page_toppath-e59fae4f8270b19878297f11b04d8dcd.php]
[ Jan 17 2014 17:52:23 ] [var/ezdemo_site/cache/template/compiled/page_mainarea-3343a8ffa4c54c41dc02ffcf5369e630.php]
[ Jan 17 2014 17:53:17 ] [var/ezdemo_site/cache/template/compiled/folder-25c5b9067baa645688e8f0a8d579213d.php]
[ Jan 17 2014 17:53:18 ] [var/ezdemo_site/cache/template/compiled/menu-62a949958e03161cc41a207817e0c71f.php]
[ Jan 17 2014 17:53:28 ] [var/ezdemo_site/cache/template/compiled/roles_header-5445642c0aac2f8e92362192cc64edec.php]
[ Jan 17 2014 17:53:29 ] [var/ezdemo_site/cache/template/compiled/policies_header-d18f15d09e9e5c055192974a1ad0c806.php]
[ Jan 17 2014 17:53:29 ] [var/ezdemo_site/cache/template/compiled/roles-ede17117f4d9efd3c9a68605b6dc9859.php]
[ Jan 17 2014 17:53:29 ] [var/ezdemo_site/cache/template/compiled/policies-92b85308c02e78dce2b69990b4e7eda9.php]
[ Jan 17 2014 17:53:31 ] [var/ezdemo_site/cache/template/compiled/menu-894900d39117e66ed6ca395da3ce9581.php]
[ Jan 17 2014 17:53:34 ] [I:\xampp\htdocs\testezp\ezpublish_legacy\lib\ezutils\classes/../../../var/cache/ini/texttoimage-ec58427d77c802032d0cb5fb8b54cb8a.php]
[ Jan 17 2014 17:53:35 ] [var/ezdemo_site/cache/template/compiled/cache-22e2664b1a33c9e8eab631a2c8320eb4.php]
[ Jan 17 2014 17:53:36 ] [var/ezdemo_site/cache/template/compiled/menu-889642bee4bec234c60d3482f4f83788.php]
[ Jan 17 2014 17:59:08 ] [var/ezdemo_site/cache/template/compiled/unactivated-2ea100df8da91914bac978e509f19af1.php]
[ Jan 17 2014 17:59:23 ] [var/ezdemo_site/cache/template/compiled/list-889dee6387ca9a969d8ce4e837e85335.php]
[ Jan 17 2014 18:02:31 ] [I:\xampp\htdocs\testezp\ezpublish_legacy\lib\ezutils\classes/../../../var/cache/ini/transform-27b1a8542d3132d2b987df0dae5b7ffe.php]
[ Jan 17 2014 18:02:33 ] [var/ezdemo_site/cache/trans/g-lowercase-635518252-utf-8.ctt.php]
[ Jan 17 2014 18:02:35 ] [var/ezdemo_site/cache/template/compiled/edit-09d4bd2087d25d373af73d90f5054777.php]
[ Jan 17 2014 18:02:36 ] [var/ezdemo_site/cache/template/compiled/edit_menu-90eafc09e0d219a4a22c5d06ef468587.php]
[ Jan 17 2014 18:02:36 ] [var/ezdemo_site/cache/template/compiled/add_to_block-4fefe71b4c526428186e82f87a90a394.php]
[ Jan 17 2014 18:02:36 ] [var/ezdemo_site/cache/template/compiled/object_information-f7fc37d64b839a50ef21717e7c42937e.php]
[ Jan 17 2014 18:02:36 ] [var/ezdemo_site/cache/template/compiled/edit_validation-366b583cbb9653f5b9a57e5fb331f430.php]
[ Jan 17 2014 18:02:36 ] [I:\xampp\htdocs\testezp\ezpublish_legacy\lib\ezutils\classes/../../../var/cache/ini/autosave-3ec92cd317f51c7f0f5fc1a1c8ee77f3.php]
[ Jan 17 2014 18:02:37 ] [var/ezdemo_site/cache/template/compiled/autosave-68f4c9fe07db2ac0281135bd1dd25ac5.php]
[ Jan 17 2014 18:02:37 ] [I:\xampp\htdocs\testezp\ezpublish_legacy\lib\ezutils\classes/../../../var/cache/ini/ezxml-aa1cc457b65195868bf8df32ee4e6df2.php]
[ Jan 17 2014 18:02:38 ] [var/ezdemo_site/cache/template/compiled/ezxmltext_ezoe-1db303f7d6c36c069ba49a02c02d371c.php]
[ Jan 17 2014 18:02:38 ] [I:\xampp\htdocs\testezp\ezpublish_legacy\lib\ezutils\classes/../../../var/cache/ini/ezoe-2c069365dd0e5d03476d497991e34e48.php]
[ Jan 17 2014 18:02:38 ] [var/ezdemo_site/cache/template/compiled/ezboolean-69160923ad155ddf386ee6e8847125ad.php]
[ Jan 17 2014 18:02:39 ] [var/ezdemo_site/cache/template/compiled/ezpage-e3da0688d7dd6e735ccf10a3915a120f.php]
[ Jan 17 2014 18:02:39 ] [var/ezdemo_site/cache/template/compiled/ezkeyword-50bea178ff093d410ecd088d017e8877.php]
[ Jan 17 2014 18:02:40 ] [var/ezdemo_site/cache/template/compiled/edit_relations-12432c27d57fe8eb0de2c7f06c273d42.php]
[ Jan 17 2014 18:03:10 ] [var/ezdemo_site/cache/template/compiled/admin_current_user-5b4a34360d65913bce21ad81f1b61a33.php]
[ Jan 17 2014 18:03:10 ] [var/ezdemo_site/cache/template/compiled/admin_preferences-2345d05a8e7e66fbf8a950b379408b12.php]
[ Jan 17 2014 18:03:11 ] [var/ezdemo_site/cache/template/compiled/admin_bookmarks-38c235de55c10a92dee58508f2d54c73.php]
[ Jan 17 2014 18:03:11 ] [var/ezdemo_site/cache/template/compiled/admin_clear_cache-6c0e1d0dc43d3bc6fe83fcf96837d51e.php]
[ Jan 17 2014 18:03:11 ] [var/ezdemo_site/cache/template/compiled/clear_cache-cb6452253326b857ac266807d6613824.php]
[ Jan 17 2014 18:03:11 ] [var/ezdemo_site/cache/template/compiled/admin_quick_settings-651340573076a1e4c59823bfd4e7675c.php]
[ Jan 17 2014 18:03:12 ] [var/ezdemo_site/cache/template/compiled/quick_settings-b542088c49d6cacdd02b6e22c0b1e43f.php]
[ Jan 17 2014 18:03:12 ] [I:\xampp\htdocs\testezp\ezpublish_legacy\lib\ezutils\classes/../../../var/cache/ini/site-9cb0e9631ed265dd09f7291efc783195.php]
[ Jan 17 2014 18:04:54 ] [var/ezdemo_site/cache/template/compiled/article-89e03144815dd82f7c6bc6541c092978.php]
[ Jan 17 2014 18:04:54 ] [var/ezdemo_site/cache/template/compiled/ezauthor-b2c68492a8f9ce391d369a00e46d3bc1.php]
[ Jan 17 2014 18:04:55 ] [var/ezdemo_site/cache/template/compiled/ezimage-d5644efb0acf560dfe9766716c022f32.php]
[ Jan 17 2014 18:04:56 ] [var/ezdemo_site/cache/template/compiled/ezxmltext-79f10321758792c9faac10ea24879086.php]
[ Jan 17 2014 18:04:56 ] [var/ezdemo_site/cache/template/compiled/line-8f4d3b3b95ab1c01861b4d7d3dbe3195.php]
[ Jan 17 2014 18:04:56 ] [var/ezdemo_site/cache/template/compiled/paragraph-15c478d193f74b406e5ffc9d9fd2bc99.php]
[ Jan 17 2014 18:04:56 ] [var/ezdemo_site/cache/template/compiled/header-06eb1fa53ac3c093b43f4af950c5167a.php]
[ Jan 17 2014 18:04:56 ] [var/ezdemo_site/cache/template/compiled/li-95d3137b5d78c3f8a052c5c07a4fe69a.php]
[ Jan 17 2014 18:04:56 ] [var/ezdemo_site/cache/template/compiled/ul-284bf79127d30dfb39dd3d2dd58d87e6.php]
[ Jan 17 2014 18:04:56 ] [var/ezdemo_site/cache/template/compiled/link-e238fc26ab6c7533aaa5d34d0fd2b458.php]
[ Jan 17 2014 18:04:57 ] [var/ezdemo_site/cache/template/compiled/ezkeyword-e64f826552307573ed11cad4fabd2866.php]
[ Jan 17 2014 18:04:57 ] [I:\xampp\htdocs\testezp\ezpublish_legacy\lib\ezutils\classes/../../../var/cache/ini/ezgmaplocation-a76d8aaf2aabbe03e6bff1bf3a2856b5.php]
[ Jan 17 2014 18:04:57 ] [var/ezdemo_site/cache/template/compiled/ezgmaplocation-b3a84c82d8ecf900f3c545ec5f96f667.php]
[ Jan 17 2014 18:04:57 ] [I:\xampp\htdocs\testezp\ezpublish_legacy\lib\ezutils\classes/../../../var/cache/ini/ezcomments-a6d4d66398450fc3bf8ebe42beba436b.php]
[ Jan 17 2014 18:05:19 ] [var/ezdemo_site/cache/template/compiled/ezauthor-0057c70cd0ce05daab2f13cccd627127.php]
[ Jan 17 2014 18:05:20 ] [var/ezdemo_site/cache/template/compiled/ezdatetime-bf2fe82141406c504d46edf53e2df66d.php]
[ Jan 17 2014 18:05:21 ] [var/ezdemo_site/cache/template/compiled/ezsrrating-4a6ca3edd185cdd248568ca8b7d33434.php]
[ Jan 17 2014 18:05:21 ] [var/ezdemo_site/cache/template/compiled/ezgmaplocation-dcb50c3a04ab7a6ee88e32ace60772e4.php]
[ Jan 17 2014 18:05:21 ] [var/ezdemo_site/cache/template/compiled/ezcomcomments-e800715eb8874e471bfedc0b33950eeb.php]
[ Jan 20 2014 09:36:54 ] [var/ezdemo_site/cache/template/compiled/line-829cf8c91290266bc7df9ad1f3ecfa79.php]
[ Jan 20 2014 09:36:55 ] [var/ezdemo_site/cache/template/compiled/zone_block_bottom-c360e9407b603ad8a2ad5b64c237b566.php]
[ Jan 20 2014 09:36:56 ] [var/ezdemo_site/cache/template/compiled/content_grid_2cols_2rows-1ba77897f1b146db85881f51d27ffe41.php]
[ Jan 20 2014 09:36:56 ] [var/ezdemo_site/cache/template/compiled/article-d3bcf1971d15290cc0c9cdbeb3bd8a12.php]
[ Jan 20 2014 09:36:56 ] [var/ezdemo_site/cache/template/compiled/ezimage-1b4e55eaf446d944674ebfc6fd53b91b.php]
[ Jan 20 2014 09:36:58 ] [var/ezdemo_site/cache/template/compiled/gallery-b0c6e088afbbf3a524e8aa0797c50a66.php]
[ Jan 20 2014 09:36:58 ] [var/ezdemo_site/cache/template/compiled/gallery_viewer-6f5e5dd692eb3bff919673d276379e3c.php]
[ Jan 20 2014 09:36:58 ] [var/ezdemo_site/cache/template/compiled/gallery_item-ce0a1dd0810b3b413132ec3d943c14ce.php]
[ Jan 20 2014 09:36:59 ] [var/ezdemo_site/cache/template/compiled/content_grid_1col_2rows-5b53f984ecd481b5c09244e42565fee0.php]
[ Jan 20 2014 09:36:59 ] [var/ezdemo_site/cache/template/compiled/call_to_action-2f161ec37bf67f2134a4ac325af3c73a.php]
[ Jan 20 2014 09:37:00 ] [var/ezdemo_site/cache/template/compiled/product-41e990da908e981b4afe0d2a3889c594.php]
[ Jan 20 2014 09:37:01 ] [var/ezdemo_site/cache/template/compiled/feed_reader-25ad4d782ebedb46217b133c9f460cc7.php]
[ Jan 20 2014 09:37:05 ] [var/ezdemo_site/cache/template/compiled/video-d27525ae83dfa192a8527eb7ff7892e6.php]
[ Jan 20 2014 09:37:05 ] [var/ezdemo_site/cache/template/compiled/tag_cloud-7db5bc28704cec1c0ea53f5b4ef44394.php]
[ Jan 20 2014 09:37:06 ] [var/ezdemo_site/cache/template/compiled/tagcloud-1612c70829b9db68a5e40923d9a1739b.php]
